Using pre-set license
Built from '2021.1/staging' branch; Version is '2021.1.19f1 (5f5eb8bbdc25) revision 6250168'; Using compiler version '192528614'; Build Type 'Release'
OS: 'Windows 10 Home; OS build 19042.1237; Version 2009; 64bit' Language: 'ko' Physical Memory: 15732 MB
BatchMode: 1, IsHumanControllingUs: 0, StartBugReporterOnCrash: 0, Is64bit: 1, IsPro: 0

COMMAND LINE ARGUMENTS:
C:\Program Files\Unity\Hub\Editor\2021.1.19f1\Editor\Unity.exe
-adb2
-batchMode
-noUpm
-name
AssetImportWorker0
-projectPath
C:/Users/NB_HP_O15_07/Documents/Unity_workspace/TeamLogliner/Logliner_co/Logliner
-logFile
Logs/AssetImportWorker0.log
-srvPort
49580
Successfully changed project path to: C:/Users/NB_HP_O15_07/Documents/Unity_workspace/TeamLogliner/Logliner_co/Logliner
C:/Users/NB_HP_O15_07/Documents/Unity_workspace/TeamLogliner/Logliner_co/Logliner
Using Asset Import Pipeline V2.
Refreshing native plugins compatible for Editor in 113.39 ms, found 6 plugins.
Preloading 1 native plugins for Editor in 3.27 ms.
Initialize engine version: 2021.1.19f1 (5f5eb8bbdc25)
[Subsystems] Discovering subsystems at path C:/Program Files/Unity/Hub/Editor/2021.1.19f1/Editor/Data/Resources/UnitySubsystems
[Subsystems] Discovering subsystems at path C:/Users/NB_HP_O15_07/Documents/Unity_workspace/TeamLogliner/Logliner_co/Logliner/Assets
GfxDevice: creating device client; threaded=0; jobified=0
Direct3D:
    Version:  Direct3D 11.0 [level 11.1]
    Renderer: NVIDIA GeForce RTX 3060 Laptop GPU (ID=0x2520)
    Vendor:   NVIDIA
    VRAM:     6023 MB
    Driver:   27.21.14.6280
Initialize mono
Mono path[0] = 'C:/Program Files/Unity/Hub/Editor/2021.1.19f1/Editor/Data/Managed'
Mono path[1] = 'C:/Program Files/Unity/Hub/Editor/2021.1.19f1/Editor/Data/MonoBleedingEdge/lib/mono/unityjit'
Mono config path = 'C:/Program Files/Unity/Hub/Editor/2021.1.19f1/Editor/Data/MonoBleedingEdge/etc'
Using monoOptions --debugger-agent=transport=dt_socket,embedding=1,server=y,suspend=n,address=127.0.0.1:56744
Begin MonoManager ReloadAssembly
Registering precompiled unity dll's ...
Register platform support module: C:/Program Files/Unity/Hub/Editor/2021.1.19f1/Editor/Data/PlaybackEngines/WindowsStandaloneSupport/UnityEditor.WindowsStandalone.Extensions.dll
Registered in 0.002020 seconds.
Native extension for WindowsStandalone target not found
Refreshing native plugins compatible for Editor in 107.63 ms, found 6 plugins.
Preloading 1 native plugins for Editor in 0.08 ms.
Mono: successfully reloaded assembly
- Completed reload, in  2.027 seconds
Domain Reload Profiling:
	ReloadAssembly (2027ms)
		BeginReloadAssembly (57ms)
			ExecutionOrderSort (0ms)
			DisableScriptedObjects (0ms)
			BackupInstance (0ms)
			ReleaseScriptingObjects (0ms)
			CreateAndSetChildDomain (1ms)
		EndReloadAssembly (404ms)
			LoadAssemblies (55ms)
			RebuildTransferFunctionScriptingTraits (0ms)
			SetupTypeCache (121ms)
			ReleaseScriptCaches (0ms)
			RebuildScriptCaches (21ms)
			SetupLoadedEditorAssemblies (220ms)
				LogAssemblyErrors (0ms)
				InitializePlatformSupportModulesInManaged (6ms)
				SetLoadedEditorAssemblies (0ms)
				RefreshPlugins (108ms)
				BeforeProcessingInitializeOnLoad (1ms)
				ProcessInitializeOnLoadAttributes (80ms)
				ProcessInitializeOnLoadMethodAttributes (25ms)
				AfterProcessingInitializeOnLoad (0ms)
				EditorAssembliesLoaded (0ms)
			ExecutionOrderSort2 (0ms)
			AwakeInstancesAfterBackupRestoration (0ms)
Platform modules already initialized, skipping
Registering precompiled user dll's ...
Registered in 0.006175 seconds.
Begin MonoManager ReloadAssembly
Symbol file LoadedFromMemory doesn't match image C:\Users\NB_HP_O15_07\Documents\Unity_workspace\TeamLogliner\Logliner_co\Logliner\Library\PackageCache\com.unity.visualscripting@1.6.1\Editor\VisualScripting.Core\Dependencies\YamlDotNet\Unity.VisualScripting.YamlDotNet.dll
Symbol file LoadedFromMemory doesn't match image C:\Users\NB_HP_O15_07\Documents\Unity_workspace\TeamLogliner\Logliner_co\Logliner\Library\PackageCache\com.unity.visualscripting@1.6.1\Editor\VisualScripting.Core\Dependencies\DotNetZip\Unity.VisualScripting.IonicZip.dll
Native extension for WindowsStandalone target not found
Refreshing native plugins compatible for Editor in 108.28 ms, found 6 plugins.
Preloading 1 native plugins for Editor in 0.08 ms.
[XR] OculusXRPlugin: registering subsystems
[XR] Unable to register display lifecyle provider: [1]
[XR] Oculus Input lifecycle provider registered.
[XR] Unable to register input lifecyle provider: [1]
System.Reflection.TargetInvocationException: Exception has been thrown by the target of an invocation. ---> System.NullReferenceException: Object reference not set to an instance of an object
  at Unity.XR.Oculus.OculusLoader.AssetPathToAbsolutePath (System.String assetPath) [0x00048] in C:\Users\NB_HP_O15_07\Documents\Unity_workspace\TeamLogliner\Logliner_co\Logliner\Library\PackageCache\com.unity.xr.oculus@1.10.0\Runtime\OculusLoader.cs:250 
  at Unity.XR.Oculus.OculusLoader.EditorLoadOVRPlugin () [0x0007b] in C:\Users\NB_HP_O15_07\Documents\Unity_workspace\TeamLogliner\Logliner_co\Logliner\Library\PackageCache\com.unity.xr.oculus@1.10.0\Runtime\OculusLoader.cs:235 
  at (wrapper managed-to-native) System.Reflection.MonoMethod.InternalInvoke(System.Reflection.MonoMethod,object,object[],System.Exception&)
  at System.Reflection.MonoMethod.Invoke (System.Object obj, System.Reflection.BindingFlags invokeAttr, System.Reflection.Binder binder, System.Object[] parameters, System.Globalization.CultureInfo culture) [0x00032] in <695d1cc93cca45069c528c15c9fdd749>:0 
   --- End of inner exception stack trace ---
  at System.Reflection.MonoMethod.Invoke (System.Object obj, System.Reflection.BindingFlags invokeAttr, System.Reflection.Binder binder, System.Object[] parameters, System.Globalization.CultureInfo culture) [0x00048] in <695d1cc93cca45069c528c15c9fdd749>:0 
  at System.Reflection.MethodBase.Invoke (System.Object obj, System.Object[] parameters) [0x00000] in <695d1cc93cca45069c528c15c9fdd749>:0 
  at UnityEditor.EditorAssemblies.ProcessInitializeOnLoadMethodAttributes () [0x00047] in <1daab1e8a63c4d30bee3bfa8949b8ee5>:0 
UnityEngine.StackTraceUtility:ExtractStackTrace ()
UnityEngine.DebugLogHandler:LogFormat (UnityEngine.LogType,UnityEngine.Object,string,object[])
UnityEngine.Logger:Log (UnityEngine.LogType,object)
UnityEngine.Debug:LogError (object)
UnityEditor.EditorAssemblies:ProcessInitializeOnLoadMethodAttributes ()

Mono: successfully reloaded assembly
- Completed reload, in  1.220 seconds
Domain Reload Profiling:
	ReloadAssembly (1221ms)
		BeginReloadAssembly (124ms)
			ExecutionOrderSort (0ms)
			DisableScriptedObjects (4ms)
			BackupInstance (0ms)
			ReleaseScriptingObjects (0ms)
			CreateAndSetChildDomain (19ms)
		EndReloadAssembly (1044ms)
			LoadAssemblies (91ms)
			RebuildTransferFunctionScriptingTraits (0ms)
			SetupTypeCache (296ms)
			ReleaseScriptCaches (1ms)
			RebuildScriptCaches (49ms)
			SetupLoadedEditorAssemblies (534ms)
				LogAssemblyErrors (0ms)
				InitializePlatformSupportModulesInManaged (3ms)
				SetLoadedEditorAssemblies (0ms)
				RefreshPlugins (108ms)
				BeforeProcessingInitializeOnLoad (101ms)
				ProcessInitializeOnLoadAttributes (296ms)
				ProcessInitializeOnLoadMethodAttributes (17ms)
				AfterProcessingInitializeOnLoad (7ms)
				EditorAssembliesLoaded (0ms)
			ExecutionOrderSort2 (0ms)
			AwakeInstancesAfterBackupRestoration (5ms)
Platform modules already initialized, skipping
========================================================================
Worker process is ready to serve import requests
Launched and connected shader compiler UnityShaderCompiler.exe after 0.04 seconds
Refreshing native plugins compatible for Editor in 1.06 ms, found 6 plugins.
Preloading 1 native plugins for Editor in 0.13 ms.
Unloading 4995 Unused Serialized files (Serialized files now loaded: 0)
System memory in use before: 204.8 MB.
System memory in use after: 205.2 MB.

Unloading 24 unused Assets to reduce memory usage. Loaded Objects now: 5445.
Total: 3.607400 ms (FindLiveObjects: 0.397400 ms CreateObjectMapping: 0.159100 ms MarkObjects: 2.969800 ms  DeleteObjects: 0.080200 ms)

AssetImportParameters requested are different than current active one (requested -> active):
  custom:framework-win-MediaFoundation: 216162199b28c13a410421893ffa2e32 -> 
  custom:video-decoder-ogg-theora: a1e56fd34408186e4bbccfd4996cb3dc -> 
  custom:container-muxer-webm: aa71ff27fc2769a1b78a27578f13a17b -> 
  custom:container-demuxer-webm: 4f35f7cbe854078d1ac9338744f61a02 -> 
  custom:container-demuxer-ogg: 62fdf1f143b41e24485cea50d1cbac27 -> 
  custom:video-encoder-webm-vp8: eb34c28f22e8b96e1ab97ce403110664 -> 
  custom:video-codec-MediaFoundation-h265: 746d11721c4dcdbdad8f713fa42b33f4 -> 
  custom:video-decoder-webm-vp8: 9c59270c3fd7afecdb556c50c9e8de78 -> 
  custom:audio-decoder-ogg-vorbis: bf7c407c2cedff20999df2af8eb42d56 -> 
  custom:audio-encoder-webm-vorbis: bf7c407c2cedff20999df2af8eb42d56 -> 
========================================================================
Received Import Request.
  path: Assets/08.Materials
  artifactKey: Guid(d0234ba368eeec9418390da711bfdad0) Importer(815301076,1909f56bfc062723c751e8b465ee728b)
Start importing Assets/08.Materials using Guid(d0234ba368eeec9418390da711bfdad0) Importer(815301076,1909f56bfc062723c751e8b465ee728b)  -> (artifact id: '0b9dc39992ea52e32f44ad0645ca3085') in 0.008826 seconds 
========================================================================
Received Import Request.
  Time since last request: 0.000139 seconds.
  path: Assets/04.Animations
  artifactKey: Guid(9d347303294f86c47922a9901f8a09cc) Importer(815301076,1909f56bfc062723c751e8b465ee728b)
Start importing Assets/04.Animations using Guid(9d347303294f86c47922a9901f8a09cc) Importer(815301076,1909f56bfc062723c751e8b465ee728b)  -> (artifact id: '49a4dc851a9baf9052c66906e1ba6f67') in 0.002839 seconds 
========================================================================
Received Import Request.
  Time since last request: 0.000188 seconds.
  path: Assets/09.Textures
  artifactKey: Guid(b6a6c9ffd0230f046b899139bfe9b239) Importer(815301076,1909f56bfc062723c751e8b465ee728b)
Start importing Assets/09.Textures using Guid(b6a6c9ffd0230f046b899139bfe9b239) Importer(815301076,1909f56bfc062723c751e8b465ee728b)  -> (artifact id: 'f440fa6345de309f72e6deb3d493b78e') in 0.002230 seconds 
========================================================================
Received Import Request.
  Time since last request: 0.000158 seconds.
  path: Assets/10.Shaders
  artifactKey: Guid(1dc5e0266a656154a813d50e878dec08) Importer(815301076,1909f56bfc062723c751e8b465ee728b)
Start importing Assets/10.Shaders using Guid(1dc5e0266a656154a813d50e878dec08) Importer(815301076,1909f56bfc062723c751e8b465ee728b)  -> (artifact id: '54a03db8bdeccb5064584d9727d79441') in 0.002757 seconds 
========================================================================
Received Import Request.
  Time since last request: 4.105155 seconds.
  path: Assets/07.UI/ResumeMsg.png
  artifactKey: Guid(df0eefe8ecdb0d745b6a9e291a7150a7) Importer(815301076,1909f56bfc062723c751e8b465ee728b)
Start importing Assets/07.UI/ResumeMsg.png using Guid(df0eefe8ecdb0d745b6a9e291a7150a7) Importer(815301076,1909f56bfc062723c751e8b465ee728b)  -> (artifact id: '62fe3bbe5350f56aabe1e3fda50a26d4') in 0.104493 seconds 
========================================================================
Received Import Request.
  Time since last request: 760.687724 seconds.
  path: Assets/TextMesh Pro/Fonts/NanumGothic SDF.asset
  artifactKey: Guid(be3dc6baf85ba5843bbe5e43420c050a) Importer(815301076,1909f56bfc062723c751e8b465ee728b)
Start importing Assets/TextMesh Pro/Fonts/NanumGothic SDF.asset using Guid(be3dc6baf85ba5843bbe5e43420c050a) Importer(815301076,1909f56bfc062723c751e8b465ee728b)  -> (artifact id: 'b52969c38f87b98bcdc5d5ba546b628c') in 0.250437 seconds 
========================================================================
Received Import Request.
  Time since last request: 571.575341 seconds.
  path: Assets/02.Scripts/Resume.cs
  artifactKey: Guid(a77d08cdcd19e1247b6439499e8a9790) Importer(815301076,1909f56bfc062723c751e8b465ee728b)
Start importing Assets/02.Scripts/Resume.cs using Guid(a77d08cdcd19e1247b6439499e8a9790) Importer(815301076,1909f56bfc062723c751e8b465ee728b)  -> (artifact id: '404670a3b5858ab5252e4fc6a9d4bde5') in 0.009289 seconds 
========================================================================
Received Prepare
Registering precompiled user dll's ...
Registered in 0.006547 seconds.
Begin MonoManager ReloadAssembly
Symbol file LoadedFromMemory doesn't match image C:\Users\NB_HP_O15_07\Documents\Unity_workspace\TeamLogliner\Logliner_co\Logliner\Library\PackageCache\com.unity.visualscripting@1.6.1\Editor\VisualScripting.Core\Dependencies\YamlDotNet\Unity.VisualScripting.YamlDotNet.dll
Symbol file LoadedFromMemory doesn't match image C:\Users\NB_HP_O15_07\Documents\Unity_workspace\TeamLogliner\Logliner_co\Logliner\Library\PackageCache\com.unity.visualscripting@1.6.1\Editor\VisualScripting.Core\Dependencies\DotNetZip\Unity.VisualScripting.IonicZip.dll
Native extension for WindowsStandalone target not found
Refreshing native plugins compatible for Editor in 1.41 ms, found 6 plugins.
Preloading 1 native plugins for Editor in 0.15 ms.
System.Reflection.TargetInvocationException: Exception has been thrown by the target of an invocation. ---> System.NullReferenceException: Object reference not set to an instance of an object
  at Unity.XR.Oculus.OculusLoader.AssetPathToAbsolutePath (System.String assetPath) [0x00048] in C:\Users\NB_HP_O15_07\Documents\Unity_workspace\TeamLogliner\Logliner_co\Logliner\Library\PackageCache\com.unity.xr.oculus@1.10.0\Runtime\OculusLoader.cs:250 
  at Unity.XR.Oculus.OculusLoader.EditorLoadOVRPlugin () [0x0007b] in C:\Users\NB_HP_O15_07\Documents\Unity_workspace\TeamLogliner\Logliner_co\Logliner\Library\PackageCache\com.unity.xr.oculus@1.10.0\Runtime\OculusLoader.cs:235 
  at (wrapper managed-to-native) System.Reflection.MonoMethod.InternalInvoke(System.Reflection.MonoMethod,object,object[],System.Exception&)
  at System.Reflection.MonoMethod.Invoke (System.Object obj, System.Reflection.BindingFlags invokeAttr, System.Reflection.Binder binder, System.Object[] parameters, System.Globalization.CultureInfo culture) [0x00032] in <695d1cc93cca45069c528c15c9fdd749>:0 
   --- End of inner exception stack trace ---
  at System.Reflection.MonoMethod.Invoke (System.Object obj, System.Reflection.BindingFlags invokeAttr, System.Reflection.Binder binder, System.Object[] parameters, System.Globalization.CultureInfo culture) [0x00048] in <695d1cc93cca45069c528c15c9fdd749>:0 
  at System.Reflection.MethodBase.Invoke (System.Object obj, System.Object[] parameters) [0x00000] in <695d1cc93cca45069c528c15c9fdd749>:0 
  at UnityEditor.EditorAssemblies.ProcessInitializeOnLoadMethodAttributes () [0x00047] in <1daab1e8a63c4d30bee3bfa8949b8ee5>:0 
UnityEngine.StackTraceUtility:ExtractStackTrace ()
UnityEngine.DebugLogHandler:LogFormat (UnityEngine.LogType,UnityEngine.Object,string,object[])
UnityEngine.Logger:Log (UnityEngine.LogType,object)
UnityEngine.Debug:LogError (object)
UnityEditor.EditorAssemblies:ProcessInitializeOnLoadMethodAttributes ()

Mono: successfully reloaded assembly
- Completed reload, in  1.214 seconds
Domain Reload Profiling:
	ReloadAssembly (1215ms)
		BeginReloadAssembly (157ms)
			ExecutionOrderSort (0ms)
			DisableScriptedObjects (5ms)
			BackupInstance (0ms)
			ReleaseScriptingObjects (0ms)
			CreateAndSetChildDomain (46ms)
		EndReloadAssembly (1003ms)
			LoadAssemblies (99ms)
			RebuildTransferFunctionScriptingTraits (0ms)
			SetupTypeCache (304ms)
			ReleaseScriptCaches (2ms)
			RebuildScriptCaches (40ms)
			SetupLoadedEditorAssemblies (397ms)
				LogAssemblyErrors (0ms)
				InitializePlatformSupportModulesInManaged (5ms)
				SetLoadedEditorAssemblies (0ms)
				RefreshPlugins (2ms)
				BeforeProcessingInitializeOnLoad (75ms)
				ProcessInitializeOnLoadAttributes (292ms)
				ProcessInitializeOnLoadMethodAttributes (15ms)
				AfterProcessingInitializeOnLoad (8ms)
				EditorAssembliesLoaded (0ms)
			ExecutionOrderSort2 (0ms)
			AwakeInstancesAfterBackupRestoration (17ms)
Platform modules already initialized, skipping
Refreshing native plugins compatible for Editor in 1.21 ms, found 6 plugins.
Preloading 1 native plugins for Editor in 0.10 ms.
Unloading 4857 Unused Serialized files (Serialized files now loaded: 0)
System memory in use before: 225.1 MB.
System memory in use after: 225.6 MB.

Unloading 17 unused Assets to reduce memory usage. Loaded Objects now: 5562.
Total: 5.138200 ms (FindLiveObjects: 0.626700 ms CreateObjectMapping: 0.450800 ms MarkObjects: 4.036800 ms  DeleteObjects: 0.021700 ms)

AssetImportParameters requested are different than current active one (requested -> active):
  custom:framework-win-MediaFoundation: 216162199b28c13a410421893ffa2e32 -> 
  custom:video-decoder-ogg-theora: a1e56fd34408186e4bbccfd4996cb3dc -> 
  custom:container-muxer-webm: aa71ff27fc2769a1b78a27578f13a17b -> 
  custom:container-demuxer-webm: 4f35f7cbe854078d1ac9338744f61a02 -> 
  custom:container-demuxer-ogg: 62fdf1f143b41e24485cea50d1cbac27 -> 
  custom:video-encoder-webm-vp8: eb34c28f22e8b96e1ab97ce403110664 -> 
  custom:video-codec-MediaFoundation-h265: 746d11721c4dcdbdad8f713fa42b33f4 -> 
  custom:video-decoder-webm-vp8: 9c59270c3fd7afecdb556c50c9e8de78 -> 
  custom:audio-decoder-ogg-vorbis: bf7c407c2cedff20999df2af8eb42d56 -> 
  custom:audio-encoder-webm-vorbis: bf7c407c2cedff20999df2af8eb42d56 -> 
========================================================================
Received Import Request.
  Time since last request: 31.824364 seconds.
  path: Assets/02.Scripts/Resume.cs
  artifactKey: Guid(a77d08cdcd19e1247b6439499e8a9790) Importer(815301076,1909f56bfc062723c751e8b465ee728b)
Start importing Assets/02.Scripts/Resume.cs using Guid(a77d08cdcd19e1247b6439499e8a9790) Importer(815301076,1909f56bfc062723c751e8b465ee728b)  -> (artifact id: '6b5bba0706f222fab5bdc973227ee441') in 0.008943 seconds 
========================================================================
Received Import Request.
  Time since last request: 1887.818948 seconds.
  path: Assets/07.UI/white_slot_nbyn.jpg
  artifactKey: Guid(5c836afdf021eb94e9ec1b8d40aaf44d) Importer(815301076,1909f56bfc062723c751e8b465ee728b)
Start importing Assets/07.UI/white_slot_nbyn.jpg using Guid(5c836afdf021eb94e9ec1b8d40aaf44d) Importer(815301076,1909f56bfc062723c751e8b465ee728b)  -> (artifact id: '20f0815e312d62e8e75c1d95d03b04f7') in 0.075899 seconds 
========================================================================
Received Import Request.
  Time since last request: 1.273186 seconds.
  path: Assets/07.UI/MissionGuide3_1.png
  artifactKey: Guid(bc04cd1957b5eef419ba8504d85a8b24) Importer(815301076,1909f56bfc062723c751e8b465ee728b)
Start importing Assets/07.UI/MissionGuide3_1.png using Guid(bc04cd1957b5eef419ba8504d85a8b24) Importer(815301076,1909f56bfc062723c751e8b465ee728b)  -> (artifact id: 'f3c8150f5c94173cd43a125128e8472f') in 0.017321 seconds 
========================================================================
Received Import Request.
  Time since last request: 1.239180 seconds.
  path: Assets/07.UI/Mission3-1.png
  artifactKey: Guid(0cf2dde83946f504698c6525aa66101f) Importer(815301076,1909f56bfc062723c751e8b465ee728b)
Start importing Assets/07.UI/Mission3-1.png using Guid(0cf2dde83946f504698c6525aa66101f) Importer(815301076,1909f56bfc062723c751e8b465ee728b)  -> (artifact id: 'f40fc389610772bd2091edd208864820') in 0.017979 seconds 
========================================================================
Received Import Request.
  Time since last request: 2.547412 seconds.
  path: Assets/07.UI/heart.png
  artifactKey: Guid(0e40cd3103d6f424bbae0054bb028643) Importer(815301076,1909f56bfc062723c751e8b465ee728b)
Start importing Assets/07.UI/heart.png using Guid(0e40cd3103d6f424bbae0054bb028643) Importer(815301076,1909f56bfc062723c751e8b465ee728b)  -> (artifact id: '8a916caafe52e5ef0f7fa9cfddef3412') in 0.019047 seconds 
========================================================================
Received Import Request.
  Time since last request: 0.635762 seconds.
  path: Assets/07.UI/empty_heart.png
  artifactKey: Guid(fd19ca460eecfaa4a91f702fce7f8e65) Importer(815301076,1909f56bfc062723c751e8b465ee728b)
Start importing Assets/07.UI/empty_heart.png using Guid(fd19ca460eecfaa4a91f702fce7f8e65) Importer(815301076,1909f56bfc062723c751e8b465ee728b)  -> (artifact id: '4bfcb090a5ed8a6f2f14a6c2002cc467') in 0.021020 seconds 
========================================================================
Received Import Request.
  Time since last request: 0.328692 seconds.
  path: Assets/07.UI/black_slot_nbyn.jpg
  artifactKey: Guid(e4561157f9412be4491ac6a382a0f700) Importer(815301076,1909f56bfc062723c751e8b465ee728b)
Start importing Assets/07.UI/black_slot_nbyn.jpg using Guid(e4561157f9412be4491ac6a382a0f700) Importer(815301076,1909f56bfc062723c751e8b465ee728b)  -> (artifact id: 'e495daccbd8fd0492eccec4805e590c3') in 0.020352 seconds 
========================================================================
Received Import Request.
  Time since last request: 210.624132 seconds.
  path: Assets/07.UI/demo
  artifactKey: Guid(0e3a9218ff639ba49b8f41b31c3b8660) Importer(815301076,1909f56bfc062723c751e8b465ee728b)
Start importing Assets/07.UI/demo using Guid(0e3a9218ff639ba49b8f41b31c3b8660) Importer(815301076,1909f56bfc062723c751e8b465ee728b)  -> (artifact id: '0805edf5d0951511bafc7069c21c0d95') in 0.004240 seconds 
========================================================================
Received Import Request.
  Time since last request: 0.787914 seconds.
  path: Assets/07.UI/bird.jpg
  artifactKey: Guid(b35cc320ac0463841a031858e9072bda) Importer(815301076,1909f56bfc062723c751e8b465ee728b)
Start importing Assets/07.UI/bird.jpg using Guid(b35cc320ac0463841a031858e9072bda) Importer(815301076,1909f56bfc062723c751e8b465ee728b)  -> (artifact id: '6cd6c248b1544cc9ec6a5ce3943b5d2d') in 0.008488 seconds 
========================================================================
Received Import Request.
  Time since last request: 3.880992 seconds.
  path: Assets/07.UI/fish.jpg
  artifactKey: Guid(c17ca40a7155b324d86c089c4fc5b63d) Importer(815301076,1909f56bfc062723c751e8b465ee728b)
Start importing Assets/07.UI/fish.jpg using Guid(c17ca40a7155b324d86c089c4fc5b63d) Importer(815301076,1909f56bfc062723c751e8b465ee728b)  -> (artifact id: '63bb3200a3c8f382e0efa3bf0e7bf5f3') in 0.018860 seconds 
========================================================================
Received Import Request.
  Time since last request: 116.531128 seconds.
  path: Assets/07.UI/bird.png
  artifactKey: Guid(46b903070336655418990ec21f034b57) Importer(815301076,1909f56bfc062723c751e8b465ee728b)
Start importing Assets/07.UI/bird.png using Guid(46b903070336655418990ec21f034b57) Importer(815301076,1909f56bfc062723c751e8b465ee728b)  -> (artifact id: '040a15a76abcc2b59697e6db93c7d024') in 0.009889 seconds 
========================================================================
Received Import Request.
  Time since last request: 2.437066 seconds.
  path: Assets/07.UI/fish.png
  artifactKey: Guid(5c90fc17a34b1e5469e6daf900751e41) Importer(815301076,1909f56bfc062723c751e8b465ee728b)
Start importing Assets/07.UI/fish.png using Guid(5c90fc17a34b1e5469e6daf900751e41) Importer(815301076,1909f56bfc062723c751e8b465ee728b)  -> (artifact id: 'dde3b93d60be1bf5d8a2b4a07f16a71c') in 0.013114 seconds 
========================================================================
Received Import Request.
  Time since last request: 4.931640 seconds.
  path: Assets/07.UI/bird.png
  artifactKey: Guid(46b903070336655418990ec21f034b57) Importer(815301076,1909f56bfc062723c751e8b465ee728b)
Start importing Assets/07.UI/bird.png using Guid(46b903070336655418990ec21f034b57) Importer(815301076,1909f56bfc062723c751e8b465ee728b)  -> (artifact id: '6ab2ba426636b684c3f2f9834893aa41') in 0.023375 seconds 
========================================================================
Received Import Request.
  Time since last request: 14.689315 seconds.
  path: Assets/07.UI/fish.png
  artifactKey: Guid(5c90fc17a34b1e5469e6daf900751e41) Importer(815301076,1909f56bfc062723c751e8b465ee728b)
Start importing Assets/07.UI/fish.png using Guid(5c90fc17a34b1e5469e6daf900751e41) Importer(815301076,1909f56bfc062723c751e8b465ee728b)  -> (artifact id: '82294ccb4cbbca9aa96a2d50677208a1') in 0.016809 seconds 
========================================================================
Received Import Request.
  Time since last request: 8.054069 seconds.
  path: Assets/07.UI/goat.png
  artifactKey: Guid(76a16f8ac74fac542ae86acba3f4af6e) Importer(815301076,1909f56bfc062723c751e8b465ee728b)
Start importing Assets/07.UI/goat.png using Guid(76a16f8ac74fac542ae86acba3f4af6e) Importer(815301076,1909f56bfc062723c751e8b465ee728b)  -> (artifact id: '75a2b34f36ba488ab0932d6612175249') in 0.013685 seconds 
========================================================================
Received Import Request.
  Time since last request: 5.651385 seconds.
  path: Assets/07.UI/goat.png
  artifactKey: Guid(76a16f8ac74fac542ae86acba3f4af6e) Importer(815301076,1909f56bfc062723c751e8b465ee728b)
Start importing Assets/07.UI/goat.png using Guid(76a16f8ac74fac542ae86acba3f4af6e) Importer(815301076,1909f56bfc062723c751e8b465ee728b)  -> (artifact id: 'de8c21de61fe0d1ca066a79a8697a32f') in 0.024905 seconds 
========================================================================
Received Import Request.
  Time since last request: 1249.130865 seconds.
  path: Assets/07.UI/Bird3.png
  artifactKey: Guid(51e51f3acf8d50548a486357dff24a04) Importer(815301076,1909f56bfc062723c751e8b465ee728b)
Start importing Assets/07.UI/Bird3.png using Guid(51e51f3acf8d50548a486357dff24a04) Importer(815301076,1909f56bfc062723c751e8b465ee728b)  -> (artifact id: '0ba681a79e64aa6a44cb824a718448a6') in 0.015233 seconds 
========================================================================
Received Import Request.
  Time since last request: 5.366596 seconds.
  path: Assets/07.UI/Bird3.png
  artifactKey: Guid(51e51f3acf8d50548a486357dff24a04) Importer(815301076,1909f56bfc062723c751e8b465ee728b)
Start importing Assets/07.UI/Bird3.png using Guid(51e51f3acf8d50548a486357dff24a04) Importer(815301076,1909f56bfc062723c751e8b465ee728b)  -> (artifact id: 'ca9ecc52a351f0795d1609b4075c394d') in 0.027831 seconds 
========================================================================
Received Import Request.
  Time since last request: 3.374284 seconds.
  path: Assets/07.UI/Fish3.png
  artifactKey: Guid(51b5783cb1e18eb44af73eb79139239c) Importer(815301076,1909f56bfc062723c751e8b465ee728b)
Start importing Assets/07.UI/Fish3.png using Guid(51b5783cb1e18eb44af73eb79139239c) Importer(815301076,1909f56bfc062723c751e8b465ee728b)  -> (artifact id: '0142f20296861e72c5648a89680ebe47') in 0.009018 seconds 
========================================================================
Received Import Request.
  Time since last request: 4.198747 seconds.
  path: Assets/07.UI/Fish3.png
  artifactKey: Guid(51b5783cb1e18eb44af73eb79139239c) Importer(815301076,1909f56bfc062723c751e8b465ee728b)
Start importing Assets/07.UI/Fish3.png using Guid(51b5783cb1e18eb44af73eb79139239c) Importer(815301076,1909f56bfc062723c751e8b465ee728b)  -> (artifact id: '11d704308b3c81266775e443abf27d28') in 0.025777 seconds 
========================================================================
Received Import Request.
  Time since last request: 1.624624 seconds.
  path: Assets/07.UI/Goat3.png
  artifactKey: Guid(a9392c98138a39b4ba2ac2d7ef3eceba) Importer(815301076,1909f56bfc062723c751e8b465ee728b)
Start importing Assets/07.UI/Goat3.png using Guid(a9392c98138a39b4ba2ac2d7ef3eceba) Importer(815301076,1909f56bfc062723c751e8b465ee728b)  -> (artifact id: '9d6358a8f3e688400ba2bfc6bcba9992') in 0.008419 seconds 
========================================================================
Received Import Request.
  Time since last request: 8.692111 seconds.
  path: Assets/07.UI/Goat3.png
  artifactKey: Guid(a9392c98138a39b4ba2ac2d7ef3eceba) Importer(815301076,1909f56bfc062723c751e8b465ee728b)
Start importing Assets/07.UI/Goat3.png using Guid(a9392c98138a39b4ba2ac2d7ef3eceba) Importer(815301076,1909f56bfc062723c751e8b465ee728b)  -> (artifact id: '421384250587d6ba9611055ba02d94f3') in 0.016563 seconds 
========================================================================
Received Import Request.
  Time since last request: 2.876560 seconds.
  path: Assets/07.UI
  artifactKey: Guid(0821b8afcb3652d439c8e24e4df53097) Importer(815301076,1909f56bfc062723c751e8b465ee728b)
Start importing Assets/07.UI using Guid(0821b8afcb3652d439c8e24e4df53097) Importer(815301076,1909f56bfc062723c751e8b465ee728b)  -> (artifact id: '678660bdcf11f4b77ad35eb866d467af') in 0.003478 seconds 
========================================================================
Received Import Request.
  Time since last request: 15.302920 seconds.
  path: Assets/07.UI/Slot_icon
  artifactKey: Guid(821470772e3a21042bb90dbe2acc775d) Importer(815301076,1909f56bfc062723c751e8b465ee728b)
Start importing Assets/07.UI/Slot_icon using Guid(821470772e3a21042bb90dbe2acc775d) Importer(815301076,1909f56bfc062723c751e8b465ee728b)  -> (artifact id: '81d3896cc3198b825c000e2f4a33ec7e') in 0.002775 seconds 
========================================================================
Received Import Request.
  Time since last request: 12.147517 seconds.
  path: Assets/07.UI/Slot Icon
  artifactKey: Guid(821470772e3a21042bb90dbe2acc775d) Importer(815301076,1909f56bfc062723c751e8b465ee728b)
Start importing Assets/07.UI/Slot Icon using Guid(821470772e3a21042bb90dbe2acc775d) Importer(815301076,1909f56bfc062723c751e8b465ee728b)  -> (artifact id: 'd4ef26ed97dc1e6b834f1dd5c01ce7f3') in 0.002676 seconds 
========================================================================
Received Import Request.
  Time since last request: 32.354248 seconds.
  path: Assets/07.UI/HP Icon
  artifactKey: Guid(e8e0cbef38dc40c40a6f8b3a3e308b74) Importer(815301076,1909f56bfc062723c751e8b465ee728b)
Start importing Assets/07.UI/HP Icon using Guid(e8e0cbef38dc40c40a6f8b3a3e308b74) Importer(815301076,1909f56bfc062723c751e8b465ee728b)  -> (artifact id: '1c8db2959199e15904a500aeaf906b9b') in 0.002726 seconds 
========================================================================
Received Import Request.
  Time since last request: 24.148834 seconds.
  path: Assets/07.UI/Pop Up Msg
  artifactKey: Guid(46ad334dc8fc1c04d85c38ad0f36b6c3) Importer(815301076,1909f56bfc062723c751e8b465ee728b)
Start importing Assets/07.UI/Pop Up Msg using Guid(46ad334dc8fc1c04d85c38ad0f36b6c3) Importer(815301076,1909f56bfc062723c751e8b465ee728b)  -> (artifact id: '03e6f0a35adb6ac23ab638cec9ecb1ba') in 0.003122 seconds 
========================================================================
Received Import Request.
  Time since last request: 87.246585 seconds.
  path: Assets/02.Scripts/GameCtrl.cs
  artifactKey: Guid(12f88133558d17c468746ff931818023) Importer(815301076,1909f56bfc062723c751e8b465ee728b)
Start importing Assets/02.Scripts/GameCtrl.cs using Guid(12f88133558d17c468746ff931818023) Importer(815301076,1909f56bfc062723c751e8b465ee728b)  -> (artifact id: '46582c55807b69f2ae8b36960fa33aa4') in 0.002916 seconds 
========================================================================
Received Prepare
Registering precompiled user dll's ...
Registered in 0.009114 seconds.
Begin MonoManager ReloadAssembly
Symbol file LoadedFromMemory doesn't match image C:\Users\NB_HP_O15_07\Documents\Unity_workspace\TeamLogliner\Logliner_co\Logliner\Library\PackageCache\com.unity.visualscripting@1.6.1\Editor\VisualScripting.Core\Dependencies\YamlDotNet\Unity.VisualScripting.YamlDotNet.dll
Symbol file LoadedFromMemory doesn't match image C:\Users\NB_HP_O15_07\Documents\Unity_workspace\TeamLogliner\Logliner_co\Logliner\Library\PackageCache\com.unity.visualscripting@1.6.1\Editor\VisualScripting.Core\Dependencies\DotNetZip\Unity.VisualScripting.IonicZip.dll
Native extension for WindowsStandalone target not found
Refreshing native plugins compatible for Editor in 1.62 ms, found 6 plugins.
Preloading 1 native plugins for Editor in 0.20 ms.
System.Reflection.TargetInvocationException: Exception has been thrown by the target of an invocation. ---> System.NullReferenceException: Object reference not set to an instance of an object
  at Unity.XR.Oculus.OculusLoader.AssetPathToAbsolutePath (System.String assetPath) [0x00048] in C:\Users\NB_HP_O15_07\Documents\Unity_workspace\TeamLogliner\Logliner_co\Logliner\Library\PackageCache\com.unity.xr.oculus@1.10.0\Runtime\OculusLoader.cs:250 
  at Unity.XR.Oculus.OculusLoader.EditorLoadOVRPlugin () [0x0007b] in C:\Users\NB_HP_O15_07\Documents\Unity_workspace\TeamLogliner\Logliner_co\Logliner\Library\PackageCache\com.unity.xr.oculus@1.10.0\Runtime\OculusLoader.cs:235 
  at (wrapper managed-to-native) System.Reflection.MonoMethod.InternalInvoke(System.Reflection.MonoMethod,object,object[],System.Exception&)
  at System.Reflection.MonoMethod.Invoke (System.Object obj, System.Reflection.BindingFlags invokeAttr, System.Reflection.Binder binder, System.Object[] parameters, System.Globalization.CultureInfo culture) [0x00032] in <695d1cc93cca45069c528c15c9fdd749>:0 
   --- End of inner exception stack trace ---
  at System.Reflection.MonoMethod.Invoke (System.Object obj, System.Reflection.BindingFlags invokeAttr, System.Reflection.Binder binder, System.Object[] parameters, System.Globalization.CultureInfo culture) [0x00048] in <695d1cc93cca45069c528c15c9fdd749>:0 
  at System.Reflection.MethodBase.Invoke (System.Object obj, System.Object[] parameters) [0x00000] in <695d1cc93cca45069c528c15c9fdd749>:0 
  at UnityEditor.EditorAssemblies.ProcessInitializeOnLoadMethodAttributes () [0x00047] in <1daab1e8a63c4d30bee3bfa8949b8ee5>:0 
UnityEngine.StackTraceUtility:ExtractStackTrace ()
UnityEngine.DebugLogHandler:LogFormat (UnityEngine.LogType,UnityEngine.Object,string,object[])
UnityEngine.Logger:Log (UnityEngine.LogType,object)
UnityEngine.Debug:LogError (object)
UnityEditor.EditorAssemblies:ProcessInitializeOnLoadMethodAttributes ()

Mono: successfully reloaded assembly
- Completed reload, in  1.401 seconds
Domain Reload Profiling:
	ReloadAssembly (1401ms)
		BeginReloadAssembly (222ms)
			ExecutionOrderSort (0ms)
			DisableScriptedObjects (11ms)
			BackupInstance (0ms)
			ReleaseScriptingObjects (0ms)
			CreateAndSetChildDomain (109ms)
		EndReloadAssembly (1119ms)
			LoadAssemblies (115ms)
			RebuildTransferFunctionScriptingTraits (0ms)
			SetupTypeCache (355ms)
			ReleaseScriptCaches (2ms)
			RebuildScriptCaches (39ms)
			SetupLoadedEditorAssemblies (471ms)
				LogAssemblyErrors (0ms)
				InitializePlatformSupportModulesInManaged (5ms)
				SetLoadedEditorAssemblies (1ms)
				RefreshPlugins (2ms)
				BeforeProcessingInitializeOnLoad (87ms)
				ProcessInitializeOnLoadAttributes (354ms)
				ProcessInitializeOnLoadMethodAttributes (14ms)
				AfterProcessingInitializeOnLoad (7ms)
				EditorAssembliesLoaded (0ms)
			ExecutionOrderSort2 (0ms)
			AwakeInstancesAfterBackupRestoration (28ms)
Platform modules already initialized, skipping
Refreshing native plugins compatible for Editor in 1.10 ms, found 6 plugins.
Preloading 1 native plugins for Editor in 0.10 ms.
Unloading 4867 Unused Serialized files (Serialized files now loaded: 0)
System memory in use before: 241.2 MB.
System memory in use after: 241.6 MB.

Unloading 17 unused Assets to reduce memory usage. Loaded Objects now: 5868.
Total: 4.239200 ms (FindLiveObjects: 0.442700 ms CreateObjectMapping: 0.275100 ms MarkObjects: 3.502600 ms  DeleteObjects: 0.017600 ms)

AssetImportParameters requested are different than current active one (requested -> active):
  custom:framework-win-MediaFoundation: 216162199b28c13a410421893ffa2e32 -> 
  custom:video-decoder-ogg-theora: a1e56fd34408186e4bbccfd4996cb3dc -> 
  custom:container-muxer-webm: aa71ff27fc2769a1b78a27578f13a17b -> 
  custom:container-demuxer-webm: 4f35f7cbe854078d1ac9338744f61a02 -> 
  custom:container-demuxer-ogg: 62fdf1f143b41e24485cea50d1cbac27 -> 
  custom:video-encoder-webm-vp8: eb34c28f22e8b96e1ab97ce403110664 -> 
  custom:video-codec-MediaFoundation-h265: 746d11721c4dcdbdad8f713fa42b33f4 -> 
  custom:video-decoder-webm-vp8: 9c59270c3fd7afecdb556c50c9e8de78 -> 
  custom:audio-decoder-ogg-vorbis: bf7c407c2cedff20999df2af8eb42d56 -> 
  custom:audio-encoder-webm-vorbis: bf7c407c2cedff20999df2af8eb42d56 -> 
========================================================================
Received Import Request.
  Time since last request: 41.894813 seconds.
  path: Assets/02.Scripts/GameCtrl.cs
  artifactKey: Guid(12f88133558d17c468746ff931818023) Importer(815301076,1909f56bfc062723c751e8b465ee728b)
Start importing Assets/02.Scripts/GameCtrl.cs using Guid(12f88133558d17c468746ff931818023) Importer(815301076,1909f56bfc062723c751e8b465ee728b)  -> (artifact id: 'b65d46fa6bbce8056813ac0fff97aa33') in 0.009122 seconds 
========================================================================
Received Import Request.
  Time since last request: 176.863248 seconds.
  path: Assets/02.Scripts/Saber.cs
  artifactKey: Guid(a33b43a6d8755554faa39aadec1a614a) Importer(815301076,1909f56bfc062723c751e8b465ee728b)
Start importing Assets/02.Scripts/Saber.cs using Guid(a33b43a6d8755554faa39aadec1a614a) Importer(815301076,1909f56bfc062723c751e8b465ee728b)  -> (artifact id: '0ae08d5c859c7cf93cf37065deaa4434') in 0.003315 seconds 
========================================================================
Received Import Request.
  Time since last request: 145.979540 seconds.
  path: Assets/03.Prefab/GROSS.prefab
  artifactKey: Guid(08f13d4adaeb4f542b4c3a26a1ddba28) Importer(815301076,1909f56bfc062723c751e8b465ee728b)
Start importing Assets/03.Prefab/GROSS.prefab using Guid(08f13d4adaeb4f542b4c3a26a1ddba28) Importer(815301076,1909f56bfc062723c751e8b465ee728b)  -> (artifact id: 'c6ff7f0979b88a73129167d4f6fa09af') in 0.401508 seconds 
========================================================================
Received Import Request.
  Time since last request: 0.000186 seconds.
  path: Assets/03.Prefab/ITEMBOX.prefab
  artifactKey: Guid(7e419d8dcf0d4e142b7dd15eaa4e5905) Importer(815301076,1909f56bfc062723c751e8b465ee728b)
Start importing Assets/03.Prefab/ITEMBOX.prefab using Guid(7e419d8dcf0d4e142b7dd15eaa4e5905) Importer(815301076,1909f56bfc062723c751e8b465ee728b)  -> (artifact id: 'fc1910d8287336dfc0154b63cf06573a') in 0.011292 seconds 
========================================================================
Received Import Request.
  Time since last request: 20.092146 seconds.
  path: ProjectSettings/TagManager.asset
  artifactKey: Guid(00000000000000003000000000000000) Importer(815301076,1909f56bfc062723c751e8b465ee728b)
Start importing ProjectSettings/TagManager.asset using Guid(00000000000000003000000000000000) Importer(815301076,1909f56bfc062723c751e8b465ee728b)  -> (artifact id: 'c00cfcac62c53cc653d4188b40951219') in 0.003328 seconds 
========================================================================
Received Import Request.
  Time since last request: 7.418848 seconds.
  path: Assets/03.Prefab/ROCK.prefab
  artifactKey: Guid(07d4807b1aa7ed246851a7c598b0899f) Importer(815301076,1909f56bfc062723c751e8b465ee728b)
Start importing Assets/03.Prefab/ROCK.prefab using Guid(07d4807b1aa7ed246851a7c598b0899f) Importer(815301076,1909f56bfc062723c751e8b465ee728b)  -> (artifact id: 'f2c90da0e05a6627769e05a8cc4e6d89') in 0.010824 seconds 
========================================================================
Received Import Request.
  Time since last request: 0.302069 seconds.
  path: Assets/03.Prefab/Plat2.prefab
  artifactKey: Guid(d9e1e551dd5be4843b7a181f61b95f46) Importer(815301076,1909f56bfc062723c751e8b465ee728b)
Start importing Assets/03.Prefab/Plat2.prefab using Guid(d9e1e551dd5be4843b7a181f61b95f46) Importer(815301076,1909f56bfc062723c751e8b465ee728b)  -> (artifact id: '0e3cef281704894beaf9b7c302c15d44') in 0.013633 seconds 
========================================================================
Received Import Request.
  Time since last request: 0.266114 seconds.
  path: Assets/03.Prefab/Plat.prefab
  artifactKey: Guid(259612dbef10b6148b3175a764ba34c6) Importer(815301076,1909f56bfc062723c751e8b465ee728b)
Start importing Assets/03.Prefab/Plat.prefab using Guid(259612dbef10b6148b3175a764ba34c6) Importer(815301076,1909f56bfc062723c751e8b465ee728b)  -> (artifact id: 'd99b3d12f912ab8d61ed6fbca206dec6') in 0.010207 seconds 
========================================================================
Received Import Request.
  Time since last request: 0.294001 seconds.
  path: Assets/03.Prefab/OculusTouchForQuest2_Left 1.prefab
  artifactKey: Guid(cef094d2ba95e864eaed0fbc6798471d) Importer(815301076,1909f56bfc062723c751e8b465ee728b)
Start importing Assets/03.Prefab/OculusTouchForQuest2_Left 1.prefab using Guid(cef094d2ba95e864eaed0fbc6798471d) Importer(815301076,1909f56bfc062723c751e8b465ee728b)  -> (artifact id: '5f34a030d96fb0371811fab76b996095') in 0.324968 seconds 
========================================================================
Received Import Request.
  Time since last request: 0.009948 seconds.
  path: Assets/03.Prefab/ITEMBOX.prefab
  artifactKey: Guid(7e419d8dcf0d4e142b7dd15eaa4e5905) Importer(815301076,1909f56bfc062723c751e8b465ee728b)
Start importing Assets/03.Prefab/ITEMBOX.prefab using Guid(7e419d8dcf0d4e142b7dd15eaa4e5905) Importer(815301076,1909f56bfc062723c751e8b465ee728b)  -> (artifact id: '628f424272c32e1b0d301b5a042edef3') in 0.010255 seconds 
========================================================================
Received Import Request.
  Time since last request: 3.376843 seconds.
  path: Assets/03.Prefab/ITEMBOX.prefab
  artifactKey: Guid(7e419d8dcf0d4e142b7dd15eaa4e5905) Importer(815301076,1909f56bfc062723c751e8b465ee728b)
Start importing Assets/03.Prefab/ITEMBOX.prefab using Guid(7e419d8dcf0d4e142b7dd15eaa4e5905) Importer(815301076,1909f56bfc062723c751e8b465ee728b)  -> (artifact id: 'a473fc2e7a5124e65600b9b0a5532593') in 0.010403 seconds 
========================================================================
Received Prepare
Registering precompiled user dll's ...
Registered in 0.006514 seconds.
Begin MonoManager ReloadAssembly
Symbol file LoadedFromMemory doesn't match image C:\Users\NB_HP_O15_07\Documents\Unity_workspace\TeamLogliner\Logliner_co\Logliner\Library\PackageCache\com.unity.visualscripting@1.6.1\Editor\VisualScripting.Core\Dependencies\YamlDotNet\Unity.VisualScripting.YamlDotNet.dll
Symbol file LoadedFromMemory doesn't match image C:\Users\NB_HP_O15_07\Documents\Unity_workspace\TeamLogliner\Logliner_co\Logliner\Library\PackageCache\com.unity.visualscripting@1.6.1\Editor\VisualScripting.Core\Dependencies\DotNetZip\Unity.VisualScripting.IonicZip.dll
Native extension for WindowsStandalone target not found
Refreshing native plugins compatible for Editor in 1.10 ms, found 6 plugins.
Preloading 1 native plugins for Editor in 0.10 ms.
System.Reflection.TargetInvocationException: Exception has been thrown by the target of an invocation. ---> System.NullReferenceException: Object reference not set to an instance of an object
  at Unity.XR.Oculus.OculusLoader.AssetPathToAbsolutePath (System.String assetPath) [0x00048] in C:\Users\NB_HP_O15_07\Documents\Unity_workspace\TeamLogliner\Logliner_co\Logliner\Library\PackageCache\com.unity.xr.oculus@1.10.0\Runtime\OculusLoader.cs:250 
  at Unity.XR.Oculus.OculusLoader.EditorLoadOVRPlugin () [0x0007b] in C:\Users\NB_HP_O15_07\Documents\Unity_workspace\TeamLogliner\Logliner_co\Logliner\Library\PackageCache\com.unity.xr.oculus@1.10.0\Runtime\OculusLoader.cs:235 
  at (wrapper managed-to-native) System.Reflection.MonoMethod.InternalInvoke(System.Reflection.MonoMethod,object,object[],System.Exception&)
  at System.Reflection.MonoMethod.Invoke (System.Object obj, System.Reflection.BindingFlags invokeAttr, System.Reflection.Binder binder, System.Object[] parameters, System.Globalization.CultureInfo culture) [0x00032] in <695d1cc93cca45069c528c15c9fdd749>:0 
   --- End of inner exception stack trace ---
  at System.Reflection.MonoMethod.Invoke (System.Object obj, System.Reflection.BindingFlags invokeAttr, System.Reflection.Binder binder, System.Object[] parameters, System.Globalization.CultureInfo culture) [0x00048] in <695d1cc93cca45069c528c15c9fdd749>:0 
  at System.Reflection.MethodBase.Invoke (System.Object obj, System.Object[] parameters) [0x00000] in <695d1cc93cca45069c528c15c9fdd749>:0 
  at UnityEditor.EditorAssemblies.ProcessInitializeOnLoadMethodAttributes () [0x00047] in <1daab1e8a63c4d30bee3bfa8949b8ee5>:0 
UnityEngine.StackTraceUtility:ExtractStackTrace ()
UnityEngine.DebugLogHandler:LogFormat (UnityEngine.LogType,UnityEngine.Object,string,object[])
UnityEngine.Logger:Log (UnityEngine.LogType,object)
UnityEngine.Debug:LogError (object)
UnityEditor.EditorAssemblies:ProcessInitializeOnLoadMethodAttributes ()

Mono: successfully reloaded assembly
- Completed reload, in  1.133 seconds
Domain Reload Profiling:
	ReloadAssembly (1133ms)
		BeginReloadAssembly (136ms)
			ExecutionOrderSort (0ms)
			DisableScriptedObjects (8ms)
			BackupInstance (0ms)
			ReleaseScriptingObjects (0ms)
			CreateAndSetChildDomain (42ms)
		EndReloadAssembly (938ms)
			LoadAssemblies (96ms)
			RebuildTransferFunctionScriptingTraits (0ms)
			SetupTypeCache (297ms)
			ReleaseScriptCaches (2ms)
			RebuildScriptCaches (36ms)
			SetupLoadedEditorAssemblies (393ms)
				LogAssemblyErrors (0ms)
				InitializePlatformSupportModulesInManaged (4ms)
				SetLoadedEditorAssemblies (0ms)
				RefreshPlugins (1ms)
				BeforeProcessingInitializeOnLoad (75ms)
				ProcessInitializeOnLoadAttributes (291ms)
				ProcessInitializeOnLoadMethodAttributes (13ms)
				AfterProcessingInitializeOnLoad (9ms)
				EditorAssembliesLoaded (0ms)
			ExecutionOrderSort2 (0ms)
			AwakeInstancesAfterBackupRestoration (23ms)
Platform modules already initialized, skipping
Refreshing native plugins compatible for Editor in 1.22 ms, found 6 plugins.
Preloading 1 native plugins for Editor in 0.17 ms.
Unloading 4855 Unused Serialized files (Serialized files now loaded: 0)
System memory in use before: 246.0 MB.
System memory in use after: 246.5 MB.

Unloading 18 unused Assets to reduce memory usage. Loaded Objects now: 5909.
Total: 4.237700 ms (FindLiveObjects: 0.419100 ms CreateObjectMapping: 0.141300 ms MarkObjects: 3.657600 ms  DeleteObjects: 0.018300 ms)

AssetImportParameters requested are different than current active one (requested -> active):
  custom:framework-win-MediaFoundation: 216162199b28c13a410421893ffa2e32 -> 
  custom:video-decoder-ogg-theora: a1e56fd34408186e4bbccfd4996cb3dc -> 
  custom:container-muxer-webm: aa71ff27fc2769a1b78a27578f13a17b -> 
  custom:container-demuxer-webm: 4f35f7cbe854078d1ac9338744f61a02 -> 
  custom:container-demuxer-ogg: 62fdf1f143b41e24485cea50d1cbac27 -> 
  custom:video-encoder-webm-vp8: eb34c28f22e8b96e1ab97ce403110664 -> 
  custom:video-codec-MediaFoundation-h265: 746d11721c4dcdbdad8f713fa42b33f4 -> 
  custom:video-decoder-webm-vp8: 9c59270c3fd7afecdb556c50c9e8de78 -> 
  custom:audio-decoder-ogg-vorbis: bf7c407c2cedff20999df2af8eb42d56 -> 
  custom:audio-encoder-webm-vorbis: bf7c407c2cedff20999df2af8eb42d56 -> 
========================================================================
Received Import Request.
  Time since last request: 403.058839 seconds.
  path: Assets/02.Scripts/WallCtrl.cs
  artifactKey: Guid(301e01d1bb1edd74d8228f2886b79020) Importer(815301076,1909f56bfc062723c751e8b465ee728b)
Start importing Assets/02.Scripts/WallCtrl.cs using Guid(301e01d1bb1edd74d8228f2886b79020) Importer(815301076,1909f56bfc062723c751e8b465ee728b)  -> (artifact id: 'b5495a6d5a5e0f17ee89e6139c33775f') in 0.009880 seconds 
========================================================================
Received Import Request.
  Time since last request: 107.999054 seconds.
  path: Assets/02.Scripts/MissionCtrl.cs
  artifactKey: Guid(2416502d6c31fdf46b97a7fe4e4d0c3d) Importer(815301076,1909f56bfc062723c751e8b465ee728b)
Start importing Assets/02.Scripts/MissionCtrl.cs using Guid(2416502d6c31fdf46b97a7fe4e4d0c3d) Importer(815301076,1909f56bfc062723c751e8b465ee728b)  -> (artifact id: 'b00b67acacf14c36e5dfdd5f26457459') in 0.002630 seconds 
========================================================================
Received Import Request.
  Time since last request: 25.677563 seconds.
  path: Assets/02.Scripts/SlotCtrl.cs
  artifactKey: Guid(b007aca7ae901734c8ca32c5710a41b0) Importer(815301076,1909f56bfc062723c751e8b465ee728b)
Start importing Assets/02.Scripts/SlotCtrl.cs using Guid(b007aca7ae901734c8ca32c5710a41b0) Importer(815301076,1909f56bfc062723c751e8b465ee728b)  -> (artifact id: '24d4fb8f23b06916915e4ec4869c687e') in 0.002810 seconds 
========================================================================
Received Prepare
Registering precompiled user dll's ...
Registered in 0.006461 seconds.
Begin MonoManager ReloadAssembly
Symbol file LoadedFromMemory doesn't match image C:\Users\NB_HP_O15_07\Documents\Unity_workspace\TeamLogliner\Logliner_co\Logliner\Library\PackageCache\com.unity.visualscripting@1.6.1\Editor\VisualScripting.Core\Dependencies\YamlDotNet\Unity.VisualScripting.YamlDotNet.dll
Symbol file LoadedFromMemory doesn't match image C:\Users\NB_HP_O15_07\Documents\Unity_workspace\TeamLogliner\Logliner_co\Logliner\Library\PackageCache\com.unity.visualscripting@1.6.1\Editor\VisualScripting.Core\Dependencies\DotNetZip\Unity.VisualScripting.IonicZip.dll
Native extension for WindowsStandalone target not found
Refreshing native plugins compatible for Editor in 1.09 ms, found 6 plugins.
Preloading 1 native plugins for Editor in 0.10 ms.
System.Reflection.TargetInvocationException: Exception has been thrown by the target of an invocation. ---> System.NullReferenceException: Object reference not set to an instance of an object
  at Unity.XR.Oculus.OculusLoader.AssetPathToAbsolutePath (System.String assetPath) [0x00048] in C:\Users\NB_HP_O15_07\Documents\Unity_workspace\TeamLogliner\Logliner_co\Logliner\Library\PackageCache\com.unity.xr.oculus@1.10.0\Runtime\OculusLoader.cs:250 
  at Unity.XR.Oculus.OculusLoader.EditorLoadOVRPlugin () [0x0007b] in C:\Users\NB_HP_O15_07\Documents\Unity_workspace\TeamLogliner\Logliner_co\Logliner\Library\PackageCache\com.unity.xr.oculus@1.10.0\Runtime\OculusLoader.cs:235 
  at (wrapper managed-to-native) System.Reflection.MonoMethod.InternalInvoke(System.Reflection.MonoMethod,object,object[],System.Exception&)
  at System.Reflection.MonoMethod.Invoke (System.Object obj, System.Reflection.BindingFlags invokeAttr, System.Reflection.Binder binder, System.Object[] parameters, System.Globalization.CultureInfo culture) [0x00032] in <695d1cc93cca45069c528c15c9fdd749>:0 
   --- End of inner exception stack trace ---
  at System.Reflection.MonoMethod.Invoke (System.Object obj, System.Reflection.BindingFlags invokeAttr, System.Reflection.Binder binder, System.Object[] parameters, System.Globalization.CultureInfo culture) [0x00048] in <695d1cc93cca45069c528c15c9fdd749>:0 
  at System.Reflection.MethodBase.Invoke (System.Object obj, System.Object[] parameters) [0x00000] in <695d1cc93cca45069c528c15c9fdd749>:0 
  at UnityEditor.EditorAssemblies.ProcessInitializeOnLoadMethodAttributes () [0x00047] in <1daab1e8a63c4d30bee3bfa8949b8ee5>:0 
UnityEngine.StackTraceUtility:ExtractStackTrace ()
UnityEngine.DebugLogHandler:LogFormat (UnityEngine.LogType,UnityEngine.Object,string,object[])
UnityEngine.Logger:Log (UnityEngine.LogType,object)
UnityEngine.Debug:LogError (object)
UnityEditor.EditorAssemblies:ProcessInitializeOnLoadMethodAttributes ()

Mono: successfully reloaded assembly
- Completed reload, in  1.131 seconds
Domain Reload Profiling:
	ReloadAssembly (1131ms)
		BeginReloadAssembly (137ms)
			ExecutionOrderSort (0ms)
			DisableScriptedObjects (7ms)
			BackupInstance (0ms)
			ReleaseScriptingObjects (0ms)
			CreateAndSetChildDomain (41ms)
		EndReloadAssembly (939ms)
			LoadAssemblies (101ms)
			RebuildTransferFunctionScriptingTraits (0ms)
			SetupTypeCache (299ms)
			ReleaseScriptCaches (2ms)
			RebuildScriptCaches (37ms)
			SetupLoadedEditorAssemblies (392ms)
				LogAssemblyErrors (0ms)
				InitializePlatformSupportModulesInManaged (4ms)
				SetLoadedEditorAssemblies (0ms)
				RefreshPlugins (1ms)
				BeforeProcessingInitializeOnLoad (79ms)
				ProcessInitializeOnLoadAttributes (285ms)
				ProcessInitializeOnLoadMethodAttributes (15ms)
				AfterProcessingInitializeOnLoad (7ms)
				EditorAssembliesLoaded (0ms)
			ExecutionOrderSort2 (0ms)
			AwakeInstancesAfterBackupRestoration (18ms)
Platform modules already initialized, skipping
Refreshing native plugins compatible for Editor in 1.08 ms, found 6 plugins.
Preloading 1 native plugins for Editor in 0.09 ms.
Unloading 4856 Unused Serialized files (Serialized files now loaded: 0)
System memory in use before: 246.0 MB.
System memory in use after: 246.5 MB.

Unloading 17 unused Assets to reduce memory usage. Loaded Objects now: 5913.
Total: 5.182200 ms (FindLiveObjects: 1.075200 ms CreateObjectMapping: 0.214500 ms MarkObjects: 3.872400 ms  DeleteObjects: 0.017700 ms)

AssetImportParameters requested are different than current active one (requested -> active):
  custom:framework-win-MediaFoundation: 216162199b28c13a410421893ffa2e32 -> 
  custom:video-decoder-ogg-theora: a1e56fd34408186e4bbccfd4996cb3dc -> 
  custom:container-muxer-webm: aa71ff27fc2769a1b78a27578f13a17b -> 
  custom:container-demuxer-webm: 4f35f7cbe854078d1ac9338744f61a02 -> 
  custom:container-demuxer-ogg: 62fdf1f143b41e24485cea50d1cbac27 -> 
  custom:video-encoder-webm-vp8: eb34c28f22e8b96e1ab97ce403110664 -> 
  custom:video-codec-MediaFoundation-h265: 746d11721c4dcdbdad8f713fa42b33f4 -> 
  custom:video-decoder-webm-vp8: 9c59270c3fd7afecdb556c50c9e8de78 -> 
  custom:audio-decoder-ogg-vorbis: bf7c407c2cedff20999df2af8eb42d56 -> 
  custom:audio-encoder-webm-vorbis: bf7c407c2cedff20999df2af8eb42d56 -> 
========================================================================
Received Import Request.
  Time since last request: 1214.755378 seconds.
  path: Assets/02.Scripts/SlotCtrl.cs
  artifactKey: Guid(b007aca7ae901734c8ca32c5710a41b0) Importer(815301076,1909f56bfc062723c751e8b465ee728b)
Start importing Assets/02.Scripts/SlotCtrl.cs using Guid(b007aca7ae901734c8ca32c5710a41b0) Importer(815301076,1909f56bfc062723c751e8b465ee728b)  -> (artifact id: '8fdfc98d51c7eb4ae6f6cc7e6ec46053') in 0.010542 seconds 
========================================================================
Received Import Request.
  Time since last request: 1029.152319 seconds.
  path: Assets/12.Sounds
  artifactKey: Guid(1dd99142a22be3e4bb7d61629d793e41) Importer(815301076,1909f56bfc062723c751e8b465ee728b)
Start importing Assets/12.Sounds using Guid(1dd99142a22be3e4bb7d61629d793e41) Importer(815301076,1909f56bfc062723c751e8b465ee728b)  -> (artifact id: 'fa31615cc310d300661aa7f66a3deef8') in 0.005358 seconds 
========================================================================
Received Prepare
Registering precompiled user dll's ...
Registered in 0.008335 seconds.
Begin MonoManager ReloadAssembly
Symbol file LoadedFromMemory doesn't match image C:\Users\NB_HP_O15_07\Documents\Unity_workspace\TeamLogliner\Logliner_co\Logliner\Library\PackageCache\com.unity.visualscripting@1.6.1\Editor\VisualScripting.Core\Dependencies\YamlDotNet\Unity.VisualScripting.YamlDotNet.dll
Symbol file LoadedFromMemory doesn't match image C:\Users\NB_HP_O15_07\Documents\Unity_workspace\TeamLogliner\Logliner_co\Logliner\Library\PackageCache\com.unity.visualscripting@1.6.1\Editor\VisualScripting.Core\Dependencies\DotNetZip\Unity.VisualScripting.IonicZip.dll
Native extension for WindowsStandalone target not found
Refreshing native plugins compatible for Editor in 1.25 ms, found 6 plugins.
Preloading 1 native plugins for Editor in 0.13 ms.
System.Reflection.TargetInvocationException: Exception has been thrown by the target of an invocation. ---> System.NullReferenceException: Object reference not set to an instance of an object
  at Unity.XR.Oculus.OculusLoader.AssetPathToAbsolutePath (System.String assetPath) [0x00048] in C:\Users\NB_HP_O15_07\Documents\Unity_workspace\TeamLogliner\Logliner_co\Logliner\Library\PackageCache\com.unity.xr.oculus@1.10.0\Runtime\OculusLoader.cs:250 
  at Unity.XR.Oculus.OculusLoader.EditorLoadOVRPlugin () [0x0007b] in C:\Users\NB_HP_O15_07\Documents\Unity_workspace\TeamLogliner\Logliner_co\Logliner\Library\PackageCache\com.unity.xr.oculus@1.10.0\Runtime\OculusLoader.cs:235 
  at (wrapper managed-to-native) System.Reflection.MonoMethod.InternalInvoke(System.Reflection.MonoMethod,object,object[],System.Exception&)
  at System.Reflection.MonoMethod.Invoke (System.Object obj, System.Reflection.BindingFlags invokeAttr, System.Reflection.Binder binder, System.Object[] parameters, System.Globalization.CultureInfo culture) [0x00032] in <695d1cc93cca45069c528c15c9fdd749>:0 
   --- End of inner exception stack trace ---
  at System.Reflection.MonoMethod.Invoke (System.Object obj, System.Reflection.BindingFlags invokeAttr, System.Reflection.Binder binder, System.Object[] parameters, System.Globalization.CultureInfo culture) [0x00048] in <695d1cc93cca45069c528c15c9fdd749>:0 
  at System.Reflection.MethodBase.Invoke (System.Object obj, System.Object[] parameters) [0x00000] in <695d1cc93cca45069c528c15c9fdd749>:0 
  at UnityEditor.EditorAssemblies.ProcessInitializeOnLoadMethodAttributes () [0x00047] in <1daab1e8a63c4d30bee3bfa8949b8ee5>:0 
UnityEngine.StackTraceUtility:ExtractStackTrace ()
UnityEngine.DebugLogHandler:LogFormat (UnityEngine.LogType,UnityEngine.Object,string,object[])
UnityEngine.Logger:Log (UnityEngine.LogType,object)
UnityEngine.Debug:LogError (object)
UnityEditor.EditorAssemblies:ProcessInitializeOnLoadMethodAttributes ()

Mono: successfully reloaded assembly
- Completed reload, in  1.391 seconds
Domain Reload Profiling:
	ReloadAssembly (1391ms)
		BeginReloadAssembly (153ms)
			ExecutionOrderSort (0ms)
			DisableScriptedObjects (8ms)
			BackupInstance (0ms)
			ReleaseScriptingObjects (0ms)
			CreateAndSetChildDomain (53ms)
		EndReloadAssembly (1170ms)
			LoadAssemblies (123ms)
			RebuildTransferFunctionScriptingTraits (0ms)
			SetupTypeCache (360ms)
			ReleaseScriptCaches (2ms)
			RebuildScriptCaches (44ms)
			SetupLoadedEditorAssemblies (500ms)
				LogAssemblyErrors (0ms)
				InitializePlatformSupportModulesInManaged (5ms)
				SetLoadedEditorAssemblies (0ms)
				RefreshPlugins (1ms)
				BeforeProcessingInitializeOnLoad (95ms)
				ProcessInitializeOnLoadAttributes (370ms)
				ProcessInitializeOnLoadMethodAttributes (18ms)
				AfterProcessingInitializeOnLoad (9ms)
				EditorAssembliesLoaded (0ms)
			ExecutionOrderSort2 (0ms)
			AwakeInstancesAfterBackupRestoration (25ms)
Platform modules already initialized, skipping
Refreshing native plugins compatible for Editor in 1.13 ms, found 6 plugins.
Preloading 1 native plugins for Editor in 0.09 ms.
Unloading 4856 Unused Serialized files (Serialized files now loaded: 0)
System memory in use before: 254.6 MB.
System memory in use after: 255.1 MB.

Unloading 17 unused Assets to reduce memory usage. Loaded Objects now: 5916.
Total: 4.530200 ms (FindLiveObjects: 0.450900 ms CreateObjectMapping: 0.288900 ms MarkObjects: 3.769200 ms  DeleteObjects: 0.020200 ms)

AssetImportParameters requested are different than current active one (requested -> active):
  custom:framework-win-MediaFoundation: 216162199b28c13a410421893ffa2e32 -> 
  custom:video-decoder-ogg-theora: a1e56fd34408186e4bbccfd4996cb3dc -> 
  custom:container-muxer-webm: aa71ff27fc2769a1b78a27578f13a17b -> 
  custom:container-demuxer-webm: 4f35f7cbe854078d1ac9338744f61a02 -> 
  custom:container-demuxer-ogg: 62fdf1f143b41e24485cea50d1cbac27 -> 
  custom:video-encoder-webm-vp8: eb34c28f22e8b96e1ab97ce403110664 -> 
  custom:video-codec-MediaFoundation-h265: 746d11721c4dcdbdad8f713fa42b33f4 -> 
  custom:video-decoder-webm-vp8: 9c59270c3fd7afecdb556c50c9e8de78 -> 
  custom:audio-decoder-ogg-vorbis: bf7c407c2cedff20999df2af8eb42d56 -> 
  custom:audio-encoder-webm-vorbis: bf7c407c2cedff20999df2af8eb42d56 -> 
========================================================================
Received Prepare
Registering precompiled user dll's ...
Registered in 0.008165 seconds.
Begin MonoManager ReloadAssembly
Symbol file LoadedFromMemory doesn't match image C:\Users\NB_HP_O15_07\Documents\Unity_workspace\TeamLogliner\Logliner_co\Logliner\Library\PackageCache\com.unity.visualscripting@1.6.1\Editor\VisualScripting.Core\Dependencies\YamlDotNet\Unity.VisualScripting.YamlDotNet.dll
Symbol file LoadedFromMemory doesn't match image C:\Users\NB_HP_O15_07\Documents\Unity_workspace\TeamLogliner\Logliner_co\Logliner\Library\PackageCache\com.unity.visualscripting@1.6.1\Editor\VisualScripting.Core\Dependencies\DotNetZip\Unity.VisualScripting.IonicZip.dll
Native extension for WindowsStandalone target not found
Refreshing native plugins compatible for Editor in 1.28 ms, found 6 plugins.
Preloading 1 native plugins for Editor in 0.13 ms.
System.Reflection.TargetInvocationException: Exception has been thrown by the target of an invocation. ---> System.NullReferenceException: Object reference not set to an instance of an object
  at Unity.XR.Oculus.OculusLoader.AssetPathToAbsolutePath (System.String assetPath) [0x00048] in C:\Users\NB_HP_O15_07\Documents\Unity_workspace\TeamLogliner\Logliner_co\Logliner\Library\PackageCache\com.unity.xr.oculus@1.10.0\Runtime\OculusLoader.cs:250 
  at Unity.XR.Oculus.OculusLoader.EditorLoadOVRPlugin () [0x0007b] in C:\Users\NB_HP_O15_07\Documents\Unity_workspace\TeamLogliner\Logliner_co\Logliner\Library\PackageCache\com.unity.xr.oculus@1.10.0\Runtime\OculusLoader.cs:235 
  at (wrapper managed-to-native) System.Reflection.MonoMethod.InternalInvoke(System.Reflection.MonoMethod,object,object[],System.Exception&)
  at System.Reflection.MonoMethod.Invoke (System.Object obj, System.Reflection.BindingFlags invokeAttr, System.Reflection.Binder binder, System.Object[] parameters, System.Globalization.CultureInfo culture) [0x00032] in <695d1cc93cca45069c528c15c9fdd749>:0 
   --- End of inner exception stack trace ---
  at System.Reflection.MonoMethod.Invoke (System.Object obj, System.Reflection.BindingFlags invokeAttr, System.Reflection.Binder binder, System.Object[] parameters, System.Globalization.CultureInfo culture) [0x00048] in <695d1cc93cca45069c528c15c9fdd749>:0 
  at System.Reflection.MethodBase.Invoke (System.Object obj, System.Object[] parameters) [0x00000] in <695d1cc93cca45069c528c15c9fdd749>:0 
  at UnityEditor.EditorAssemblies.ProcessInitializeOnLoadMethodAttributes () [0x00047] in <1daab1e8a63c4d30bee3bfa8949b8ee5>:0 
UnityEngine.StackTraceUtility:ExtractStackTrace ()
UnityEngine.DebugLogHandler:LogFormat (UnityEngine.LogType,UnityEngine.Object,string,object[])
UnityEngine.Logger:Log (UnityEngine.LogType,object)
UnityEngine.Debug:LogError (object)
UnityEditor.EditorAssemblies:ProcessInitializeOnLoadMethodAttributes ()

Mono: successfully reloaded assembly
- Completed reload, in  1.362 seconds
Domain Reload Profiling:
	ReloadAssembly (1362ms)
		BeginReloadAssembly (168ms)
			ExecutionOrderSort (0ms)
			DisableScriptedObjects (10ms)
			BackupInstance (0ms)
			ReleaseScriptingObjects (0ms)
			CreateAndSetChildDomain (53ms)
		EndReloadAssembly (1121ms)
			LoadAssemblies (123ms)
			RebuildTransferFunctionScriptingTraits (0ms)
			SetupTypeCache (352ms)
			ReleaseScriptCaches (2ms)
			RebuildScriptCaches (43ms)
			SetupLoadedEditorAssemblies (471ms)
				LogAssemblyErrors (0ms)
				InitializePlatformSupportModulesInManaged (5ms)
				SetLoadedEditorAssemblies (0ms)
				RefreshPlugins (2ms)
				BeforeProcessingInitializeOnLoad (92ms)
				ProcessInitializeOnLoadAttributes (344ms)
				ProcessInitializeOnLoadMethodAttributes (18ms)
				AfterProcessingInitializeOnLoad (10ms)
				EditorAssembliesLoaded (0ms)
			ExecutionOrderSort2 (0ms)
			AwakeInstancesAfterBackupRestoration (22ms)
Platform modules already initialized, skipping
Refreshing native plugins compatible for Editor in 1.47 ms, found 6 plugins.
Preloading 1 native plugins for Editor in 0.14 ms.
Unloading 4856 Unused Serialized files (Serialized files now loaded: 0)
System memory in use before: 254.9 MB.
System memory in use after: 255.4 MB.

Unloading 17 unused Assets to reduce memory usage. Loaded Objects now: 5919.
Total: 5.716500 ms (FindLiveObjects: 0.688500 ms CreateObjectMapping: 0.226400 ms MarkObjects: 4.768400 ms  DeleteObjects: 0.028400 ms)

AssetImportParameters requested are different than current active one (requested -> active):
  custom:framework-win-MediaFoundation: 216162199b28c13a410421893ffa2e32 -> 
  custom:video-decoder-ogg-theora: a1e56fd34408186e4bbccfd4996cb3dc -> 
  custom:container-muxer-webm: aa71ff27fc2769a1b78a27578f13a17b -> 
  custom:container-demuxer-webm: 4f35f7cbe854078d1ac9338744f61a02 -> 
  custom:container-demuxer-ogg: 62fdf1f143b41e24485cea50d1cbac27 -> 
  custom:video-encoder-webm-vp8: eb34c28f22e8b96e1ab97ce403110664 -> 
  custom:video-codec-MediaFoundation-h265: 746d11721c4dcdbdad8f713fa42b33f4 -> 
  custom:video-decoder-webm-vp8: 9c59270c3fd7afecdb556c50c9e8de78 -> 
  custom:audio-decoder-ogg-vorbis: bf7c407c2cedff20999df2af8eb42d56 -> 
  custom:audio-encoder-webm-vorbis: bf7c407c2cedff20999df2af8eb42d56 -> 
========================================================================
Received Prepare
Registering precompiled user dll's ...
Registered in 0.008756 seconds.
Begin MonoManager ReloadAssembly
Symbol file LoadedFromMemory doesn't match image C:\Users\NB_HP_O15_07\Documents\Unity_workspace\TeamLogliner\Logliner_co\Logliner\Library\PackageCache\com.unity.visualscripting@1.6.1\Editor\VisualScripting.Core\Dependencies\YamlDotNet\Unity.VisualScripting.YamlDotNet.dll
Symbol file LoadedFromMemory doesn't match image C:\Users\NB_HP_O15_07\Documents\Unity_workspace\TeamLogliner\Logliner_co\Logliner\Library\PackageCache\com.unity.visualscripting@1.6.1\Editor\VisualScripting.Core\Dependencies\DotNetZip\Unity.VisualScripting.IonicZip.dll
Native extension for WindowsStandalone target not found
Refreshing native plugins compatible for Editor in 1.42 ms, found 6 plugins.
Preloading 1 native plugins for Editor in 0.15 ms.
System.Reflection.TargetInvocationException: Exception has been thrown by the target of an invocation. ---> System.NullReferenceException: Object reference not set to an instance of an object
  at Unity.XR.Oculus.OculusLoader.AssetPathToAbsolutePath (System.String assetPath) [0x00048] in C:\Users\NB_HP_O15_07\Documents\Unity_workspace\TeamLogliner\Logliner_co\Logliner\Library\PackageCache\com.unity.xr.oculus@1.10.0\Runtime\OculusLoader.cs:250 
  at Unity.XR.Oculus.OculusLoader.EditorLoadOVRPlugin () [0x0007b] in C:\Users\NB_HP_O15_07\Documents\Unity_workspace\TeamLogliner\Logliner_co\Logliner\Library\PackageCache\com.unity.xr.oculus@1.10.0\Runtime\OculusLoader.cs:235 
  at (wrapper managed-to-native) System.Reflection.MonoMethod.InternalInvoke(System.Reflection.MonoMethod,object,object[],System.Exception&)
  at System.Reflection.MonoMethod.Invoke (System.Object obj, System.Reflection.BindingFlags invokeAttr, System.Reflection.Binder binder, System.Object[] parameters, System.Globalization.CultureInfo culture) [0x00032] in <695d1cc93cca45069c528c15c9fdd749>:0 
   --- End of inner exception stack trace ---
  at System.Reflection.MonoMethod.Invoke (System.Object obj, System.Reflection.BindingFlags invokeAttr, System.Reflection.Binder binder, System.Object[] parameters, System.Globalization.CultureInfo culture) [0x00048] in <695d1cc93cca45069c528c15c9fdd749>:0 
  at System.Reflection.MethodBase.Invoke (System.Object obj, System.Object[] parameters) [0x00000] in <695d1cc93cca45069c528c15c9fdd749>:0 
  at UnityEditor.EditorAssemblies.ProcessInitializeOnLoadMethodAttributes () [0x00047] in <1daab1e8a63c4d30bee3bfa8949b8ee5>:0 
UnityEngine.StackTraceUtility:ExtractStackTrace ()
UnityEngine.DebugLogHandler:LogFormat (UnityEngine.LogType,UnityEngine.Object,string,object[])
UnityEngine.Logger:Log (UnityEngine.LogType,object)
UnityEngine.Debug:LogError (object)
UnityEditor.EditorAssemblies:ProcessInitializeOnLoadMethodAttributes ()

Mono: successfully reloaded assembly
- Completed reload, in  1.389 seconds
Domain Reload Profiling:
	ReloadAssembly (1390ms)
		BeginReloadAssembly (151ms)
			ExecutionOrderSort (0ms)
			DisableScriptedObjects (8ms)
			BackupInstance (0ms)
			ReleaseScriptingObjects (0ms)
			CreateAndSetChildDomain (45ms)
		EndReloadAssembly (1169ms)
			LoadAssemblies (122ms)
			RebuildTransferFunctionScriptingTraits (0ms)
			SetupTypeCache (367ms)
			ReleaseScriptCaches (2ms)
			RebuildScriptCaches (48ms)
			SetupLoadedEditorAssemblies (491ms)
				LogAssemblyErrors (0ms)
				InitializePlatformSupportModulesInManaged (6ms)
				SetLoadedEditorAssemblies (0ms)
				RefreshPlugins (2ms)
				BeforeProcessingInitializeOnLoad (97ms)
				ProcessInitializeOnLoadAttributes (359ms)
				ProcessInitializeOnLoadMethodAttributes (17ms)
				AfterProcessingInitializeOnLoad (10ms)
				EditorAssembliesLoaded (0ms)
			ExecutionOrderSort2 (0ms)
			AwakeInstancesAfterBackupRestoration (24ms)
Platform modules already initialized, skipping
Refreshing native plugins compatible for Editor in 1.41 ms, found 6 plugins.
Preloading 1 native plugins for Editor in 0.14 ms.
Unloading 4856 Unused Serialized files (Serialized files now loaded: 0)
System memory in use before: 254.9 MB.
System memory in use after: 255.4 MB.

Unloading 17 unused Assets to reduce memory usage. Loaded Objects now: 5922.
Total: 5.924500 ms (FindLiveObjects: 0.512800 ms CreateObjectMapping: 0.180200 ms MarkObjects: 5.206200 ms  DeleteObjects: 0.023700 ms)

AssetImportParameters requested are different than current active one (requested -> active):
  custom:framework-win-MediaFoundation: 216162199b28c13a410421893ffa2e32 -> 
  custom:video-decoder-ogg-theora: a1e56fd34408186e4bbccfd4996cb3dc -> 
  custom:container-muxer-webm: aa71ff27fc2769a1b78a27578f13a17b -> 
  custom:container-demuxer-webm: 4f35f7cbe854078d1ac9338744f61a02 -> 
  custom:container-demuxer-ogg: 62fdf1f143b41e24485cea50d1cbac27 -> 
  custom:video-encoder-webm-vp8: eb34c28f22e8b96e1ab97ce403110664 -> 
  custom:video-codec-MediaFoundation-h265: 746d11721c4dcdbdad8f713fa42b33f4 -> 
  custom:video-decoder-webm-vp8: 9c59270c3fd7afecdb556c50c9e8de78 -> 
  custom:audio-decoder-ogg-vorbis: bf7c407c2cedff20999df2af8eb42d56 -> 
  custom:audio-encoder-webm-vorbis: bf7c407c2cedff20999df2af8eb42d56 -> 
========================================================================
Received Prepare
Registering precompiled user dll's ...
Registered in 0.008920 seconds.
Begin MonoManager ReloadAssembly
Symbol file LoadedFromMemory doesn't match image C:\Users\NB_HP_O15_07\Documents\Unity_workspace\TeamLogliner\Logliner_co\Logliner\Library\PackageCache\com.unity.visualscripting@1.6.1\Editor\VisualScripting.Core\Dependencies\YamlDotNet\Unity.VisualScripting.YamlDotNet.dll
Symbol file LoadedFromMemory doesn't match image C:\Users\NB_HP_O15_07\Documents\Unity_workspace\TeamLogliner\Logliner_co\Logliner\Library\PackageCache\com.unity.visualscripting@1.6.1\Editor\VisualScripting.Core\Dependencies\DotNetZip\Unity.VisualScripting.IonicZip.dll
Native extension for WindowsStandalone target not found
Refreshing native plugins compatible for Editor in 1.34 ms, found 6 plugins.
Preloading 1 native plugins for Editor in 0.17 ms.
System.Reflection.TargetInvocationException: Exception has been thrown by the target of an invocation. ---> System.NullReferenceException: Object reference not set to an instance of an object
  at Unity.XR.Oculus.OculusLoader.AssetPathToAbsolutePath (System.String assetPath) [0x00048] in C:\Users\NB_HP_O15_07\Documents\Unity_workspace\TeamLogliner\Logliner_co\Logliner\Library\PackageCache\com.unity.xr.oculus@1.10.0\Runtime\OculusLoader.cs:250 
  at Unity.XR.Oculus.OculusLoader.EditorLoadOVRPlugin () [0x0007b] in C:\Users\NB_HP_O15_07\Documents\Unity_workspace\TeamLogliner\Logliner_co\Logliner\Library\PackageCache\com.unity.xr.oculus@1.10.0\Runtime\OculusLoader.cs:235 
  at (wrapper managed-to-native) System.Reflection.MonoMethod.InternalInvoke(System.Reflection.MonoMethod,object,object[],System.Exception&)
  at System.Reflection.MonoMethod.Invoke (System.Object obj, System.Reflection.BindingFlags invokeAttr, System.Reflection.Binder binder, System.Object[] parameters, System.Globalization.CultureInfo culture) [0x00032] in <695d1cc93cca45069c528c15c9fdd749>:0 
   --- End of inner exception stack trace ---
  at System.Reflection.MonoMethod.Invoke (System.Object obj, System.Reflection.BindingFlags invokeAttr, System.Reflection.Binder binder, System.Object[] parameters, System.Globalization.CultureInfo culture) [0x00048] in <695d1cc93cca45069c528c15c9fdd749>:0 
  at System.Reflection.MethodBase.Invoke (System.Object obj, System.Object[] parameters) [0x00000] in <695d1cc93cca45069c528c15c9fdd749>:0 
  at UnityEditor.EditorAssemblies.ProcessInitializeOnLoadMethodAttributes () [0x00047] in <1daab1e8a63c4d30bee3bfa8949b8ee5>:0 
UnityEngine.StackTraceUtility:ExtractStackTrace ()
UnityEngine.DebugLogHandler:LogFormat (UnityEngine.LogType,UnityEngine.Object,string,object[])
UnityEngine.Logger:Log (UnityEngine.LogType,object)
UnityEngine.Debug:LogError (object)
UnityEditor.EditorAssemblies:ProcessInitializeOnLoadMethodAttributes ()

Mono: successfully reloaded assembly
- Completed reload, in  1.389 seconds
Domain Reload Profiling:
	ReloadAssembly (1390ms)
		BeginReloadAssembly (151ms)
			ExecutionOrderSort (0ms)
			DisableScriptedObjects (9ms)
			BackupInstance (0ms)
			ReleaseScriptingObjects (0ms)
			CreateAndSetChildDomain (45ms)
		EndReloadAssembly (1170ms)
			LoadAssemblies (123ms)
			RebuildTransferFunctionScriptingTraits (0ms)
			SetupTypeCache (370ms)
			ReleaseScriptCaches (2ms)
			RebuildScriptCaches (49ms)
			SetupLoadedEditorAssemblies (486ms)
				LogAssemblyErrors (0ms)
				InitializePlatformSupportModulesInManaged (6ms)
				SetLoadedEditorAssemblies (0ms)
				RefreshPlugins (2ms)
				BeforeProcessingInitializeOnLoad (95ms)
				ProcessInitializeOnLoadAttributes (356ms)
				ProcessInitializeOnLoadMethodAttributes (16ms)
				AfterProcessingInitializeOnLoad (11ms)
				EditorAssembliesLoaded (0ms)
			ExecutionOrderSort2 (0ms)
			AwakeInstancesAfterBackupRestoration (24ms)
Platform modules already initialized, skipping
Refreshing native plugins compatible for Editor in 1.35 ms, found 6 plugins.
Preloading 1 native plugins for Editor in 0.13 ms.
Unloading 4856 Unused Serialized files (Serialized files now loaded: 0)
System memory in use before: 254.9 MB.
System memory in use after: 255.4 MB.

Unloading 17 unused Assets to reduce memory usage. Loaded Objects now: 5925.
Total: 5.122100 ms (FindLiveObjects: 0.493000 ms CreateObjectMapping: 0.172200 ms MarkObjects: 4.417800 ms  DeleteObjects: 0.036100 ms)

AssetImportParameters requested are different than current active one (requested -> active):
  custom:framework-win-MediaFoundation: 216162199b28c13a410421893ffa2e32 -> 
  custom:video-decoder-ogg-theora: a1e56fd34408186e4bbccfd4996cb3dc -> 
  custom:container-muxer-webm: aa71ff27fc2769a1b78a27578f13a17b -> 
  custom:container-demuxer-webm: 4f35f7cbe854078d1ac9338744f61a02 -> 
  custom:container-demuxer-ogg: 62fdf1f143b41e24485cea50d1cbac27 -> 
  custom:video-encoder-webm-vp8: eb34c28f22e8b96e1ab97ce403110664 -> 
  custom:video-codec-MediaFoundation-h265: 746d11721c4dcdbdad8f713fa42b33f4 -> 
  custom:video-decoder-webm-vp8: 9c59270c3fd7afecdb556c50c9e8de78 -> 
  custom:audio-decoder-ogg-vorbis: bf7c407c2cedff20999df2af8eb42d56 -> 
  custom:audio-encoder-webm-vorbis: bf7c407c2cedff20999df2af8eb42d56 -> 
========================================================================
Received Prepare
Registering precompiled user dll's ...
Registered in 0.009286 seconds.
Begin MonoManager ReloadAssembly
Symbol file LoadedFromMemory doesn't match image C:\Users\NB_HP_O15_07\Documents\Unity_workspace\TeamLogliner\Logliner_co\Logliner\Library\PackageCache\com.unity.visualscripting@1.6.1\Editor\VisualScripting.Core\Dependencies\YamlDotNet\Unity.VisualScripting.YamlDotNet.dll
Symbol file LoadedFromMemory doesn't match image C:\Users\NB_HP_O15_07\Documents\Unity_workspace\TeamLogliner\Logliner_co\Logliner\Library\PackageCache\com.unity.visualscripting@1.6.1\Editor\VisualScripting.Core\Dependencies\DotNetZip\Unity.VisualScripting.IonicZip.dll
Native extension for WindowsStandalone target not found
Refreshing native plugins compatible for Editor in 1.36 ms, found 6 plugins.
Preloading 1 native plugins for Editor in 0.19 ms.
System.Reflection.TargetInvocationException: Exception has been thrown by the target of an invocation. ---> System.NullReferenceException: Object reference not set to an instance of an object
  at Unity.XR.Oculus.OculusLoader.AssetPathToAbsolutePath (System.String assetPath) [0x00048] in C:\Users\NB_HP_O15_07\Documents\Unity_workspace\TeamLogliner\Logliner_co\Logliner\Library\PackageCache\com.unity.xr.oculus@1.10.0\Runtime\OculusLoader.cs:250 
  at Unity.XR.Oculus.OculusLoader.EditorLoadOVRPlugin () [0x0007b] in C:\Users\NB_HP_O15_07\Documents\Unity_workspace\TeamLogliner\Logliner_co\Logliner\Library\PackageCache\com.unity.xr.oculus@1.10.0\Runtime\OculusLoader.cs:235 
  at (wrapper managed-to-native) System.Reflection.MonoMethod.InternalInvoke(System.Reflection.MonoMethod,object,object[],System.Exception&)
  at System.Reflection.MonoMethod.Invoke (System.Object obj, System.Reflection.BindingFlags invokeAttr, System.Reflection.Binder binder, System.Object[] parameters, System.Globalization.CultureInfo culture) [0x00032] in <695d1cc93cca45069c528c15c9fdd749>:0 
   --- End of inner exception stack trace ---
  at System.Reflection.MonoMethod.Invoke (System.Object obj, System.Reflection.BindingFlags invokeAttr, System.Reflection.Binder binder, System.Object[] parameters, System.Globalization.CultureInfo culture) [0x00048] in <695d1cc93cca45069c528c15c9fdd749>:0 
  at System.Reflection.MethodBase.Invoke (System.Object obj, System.Object[] parameters) [0x00000] in <695d1cc93cca45069c528c15c9fdd749>:0 
  at UnityEditor.EditorAssemblies.ProcessInitializeOnLoadMethodAttributes () [0x00047] in <1daab1e8a63c4d30bee3bfa8949b8ee5>:0 
UnityEngine.StackTraceUtility:ExtractStackTrace ()
UnityEngine.DebugLogHandler:LogFormat (UnityEngine.LogType,UnityEngine.Object,string,object[])
UnityEngine.Logger:Log (UnityEngine.LogType,object)
UnityEngine.Debug:LogError (object)
UnityEditor.EditorAssemblies:ProcessInitializeOnLoadMethodAttributes ()

Mono: successfully reloaded assembly
- Completed reload, in  1.416 seconds
Domain Reload Profiling:
	ReloadAssembly (1416ms)
		BeginReloadAssembly (162ms)
			ExecutionOrderSort (0ms)
			DisableScriptedObjects (8ms)
			BackupInstance (0ms)
			ReleaseScriptingObjects (0ms)
			CreateAndSetChildDomain (49ms)
		EndReloadAssembly (1184ms)
			LoadAssemblies (131ms)
			RebuildTransferFunctionScriptingTraits (0ms)
			SetupTypeCache (371ms)
			ReleaseScriptCaches (2ms)
			RebuildScriptCaches (45ms)
			SetupLoadedEditorAssemblies (490ms)
				LogAssemblyErrors (0ms)
				InitializePlatformSupportModulesInManaged (6ms)
				SetLoadedEditorAssemblies (1ms)
				RefreshPlugins (2ms)
				BeforeProcessingInitializeOnLoad (97ms)
				ProcessInitializeOnLoadAttributes (357ms)
				ProcessInitializeOnLoadMethodAttributes (19ms)
				AfterProcessingInitializeOnLoad (9ms)
				EditorAssembliesLoaded (0ms)
			ExecutionOrderSort2 (0ms)
			AwakeInstancesAfterBackupRestoration (25ms)
Platform modules already initialized, skipping
Refreshing native plugins compatible for Editor in 1.49 ms, found 6 plugins.
Preloading 1 native plugins for Editor in 0.15 ms.
Unloading 4856 Unused Serialized files (Serialized files now loaded: 0)
System memory in use before: 255.0 MB.
System memory in use after: 255.4 MB.

Unloading 17 unused Assets to reduce memory usage. Loaded Objects now: 5928.
Total: 5.929800 ms (FindLiveObjects: 0.627800 ms CreateObjectMapping: 0.224100 ms MarkObjects: 5.044600 ms  DeleteObjects: 0.030300 ms)

AssetImportParameters requested are different than current active one (requested -> active):
  custom:framework-win-MediaFoundation: 216162199b28c13a410421893ffa2e32 -> 
  custom:video-decoder-ogg-theora: a1e56fd34408186e4bbccfd4996cb3dc -> 
  custom:container-muxer-webm: aa71ff27fc2769a1b78a27578f13a17b -> 
  custom:container-demuxer-webm: 4f35f7cbe854078d1ac9338744f61a02 -> 
  custom:container-demuxer-ogg: 62fdf1f143b41e24485cea50d1cbac27 -> 
  custom:video-encoder-webm-vp8: eb34c28f22e8b96e1ab97ce403110664 -> 
  custom:video-codec-MediaFoundation-h265: 746d11721c4dcdbdad8f713fa42b33f4 -> 
  custom:video-decoder-webm-vp8: 9c59270c3fd7afecdb556c50c9e8de78 -> 
  custom:audio-decoder-ogg-vorbis: bf7c407c2cedff20999df2af8eb42d56 -> 
  custom:audio-encoder-webm-vorbis: bf7c407c2cedff20999df2af8eb42d56 -> 
========================================================================
Received Prepare
Registering precompiled user dll's ...
Registered in 0.008473 seconds.
Begin MonoManager ReloadAssembly
Symbol file LoadedFromMemory doesn't match image C:\Users\NB_HP_O15_07\Documents\Unity_workspace\TeamLogliner\Logliner_co\Logliner\Library\PackageCache\com.unity.visualscripting@1.6.1\Editor\VisualScripting.Core\Dependencies\YamlDotNet\Unity.VisualScripting.YamlDotNet.dll
Symbol file LoadedFromMemory doesn't match image C:\Users\NB_HP_O15_07\Documents\Unity_workspace\TeamLogliner\Logliner_co\Logliner\Library\PackageCache\com.unity.visualscripting@1.6.1\Editor\VisualScripting.Core\Dependencies\DotNetZip\Unity.VisualScripting.IonicZip.dll
Native extension for WindowsStandalone target not found
Refreshing native plugins compatible for Editor in 1.28 ms, found 6 plugins.
Preloading 1 native plugins for Editor in 0.13 ms.
System.Reflection.TargetInvocationException: Exception has been thrown by the target of an invocation. ---> System.NullReferenceException: Object reference not set to an instance of an object
  at Unity.XR.Oculus.OculusLoader.AssetPathToAbsolutePath (System.String assetPath) [0x00048] in C:\Users\NB_HP_O15_07\Documents\Unity_workspace\TeamLogliner\Logliner_co\Logliner\Library\PackageCache\com.unity.xr.oculus@1.10.0\Runtime\OculusLoader.cs:250 
  at Unity.XR.Oculus.OculusLoader.EditorLoadOVRPlugin () [0x0007b] in C:\Users\NB_HP_O15_07\Documents\Unity_workspace\TeamLogliner\Logliner_co\Logliner\Library\PackageCache\com.unity.xr.oculus@1.10.0\Runtime\OculusLoader.cs:235 
  at (wrapper managed-to-native) System.Reflection.MonoMethod.InternalInvoke(System.Reflection.MonoMethod,object,object[],System.Exception&)
  at System.Reflection.MonoMethod.Invoke (System.Object obj, System.Reflection.BindingFlags invokeAttr, System.Reflection.Binder binder, System.Object[] parameters, System.Globalization.CultureInfo culture) [0x00032] in <695d1cc93cca45069c528c15c9fdd749>:0 
   --- End of inner exception stack trace ---
  at System.Reflection.MonoMethod.Invoke (System.Object obj, System.Reflection.BindingFlags invokeAttr, System.Reflection.Binder binder, System.Object[] parameters, System.Globalization.CultureInfo culture) [0x00048] in <695d1cc93cca45069c528c15c9fdd749>:0 
  at System.Reflection.MethodBase.Invoke (System.Object obj, System.Object[] parameters) [0x00000] in <695d1cc93cca45069c528c15c9fdd749>:0 
  at UnityEditor.EditorAssemblies.ProcessInitializeOnLoadMethodAttributes () [0x00047] in <1daab1e8a63c4d30bee3bfa8949b8ee5>:0 
UnityEngine.StackTraceUtility:ExtractStackTrace ()
UnityEngine.DebugLogHandler:LogFormat (UnityEngine.LogType,UnityEngine.Object,string,object[])
UnityEngine.Logger:Log (UnityEngine.LogType,object)
UnityEngine.Debug:LogError (object)
UnityEditor.EditorAssemblies:ProcessInitializeOnLoadMethodAttributes ()

Mono: successfully reloaded assembly
- Completed reload, in  1.387 seconds
Domain Reload Profiling:
	ReloadAssembly (1387ms)
		BeginReloadAssembly (150ms)
			ExecutionOrderSort (0ms)
			DisableScriptedObjects (8ms)
			BackupInstance (0ms)
			ReleaseScriptingObjects (0ms)
			CreateAndSetChildDomain (45ms)
		EndReloadAssembly (1167ms)
			LoadAssemblies (120ms)
			RebuildTransferFunctionScriptingTraits (0ms)
			SetupTypeCache (369ms)
			ReleaseScriptCaches (2ms)
			RebuildScriptCaches (47ms)
			SetupLoadedEditorAssemblies (492ms)
				LogAssemblyErrors (0ms)
				InitializePlatformSupportModulesInManaged (6ms)
				SetLoadedEditorAssemblies (1ms)
				RefreshPlugins (1ms)
				BeforeProcessingInitializeOnLoad (96ms)
				ProcessInitializeOnLoadAttributes (361ms)
				ProcessInitializeOnLoadMethodAttributes (17ms)
				AfterProcessingInitializeOnLoad (10ms)
				EditorAssembliesLoaded (0ms)
			ExecutionOrderSort2 (0ms)
			AwakeInstancesAfterBackupRestoration (23ms)
Platform modules already initialized, skipping
Refreshing native plugins compatible for Editor in 1.25 ms, found 6 plugins.
Preloading 1 native plugins for Editor in 0.12 ms.
Unloading 4856 Unused Serialized files (Serialized files now loaded: 0)
System memory in use before: 254.8 MB.
System memory in use after: 255.2 MB.

Unloading 17 unused Assets to reduce memory usage. Loaded Objects now: 5931.
Total: 4.693700 ms (FindLiveObjects: 0.588900 ms CreateObjectMapping: 0.194100 ms MarkObjects: 3.889100 ms  DeleteObjects: 0.020500 ms)

AssetImportParameters requested are different than current active one (requested -> active):
  custom:framework-win-MediaFoundation: 216162199b28c13a410421893ffa2e32 -> 
  custom:video-decoder-ogg-theora: a1e56fd34408186e4bbccfd4996cb3dc -> 
  custom:container-muxer-webm: aa71ff27fc2769a1b78a27578f13a17b -> 
  custom:container-demuxer-webm: 4f35f7cbe854078d1ac9338744f61a02 -> 
  custom:container-demuxer-ogg: 62fdf1f143b41e24485cea50d1cbac27 -> 
  custom:video-encoder-webm-vp8: eb34c28f22e8b96e1ab97ce403110664 -> 
  custom:video-codec-MediaFoundation-h265: 746d11721c4dcdbdad8f713fa42b33f4 -> 
  custom:video-decoder-webm-vp8: 9c59270c3fd7afecdb556c50c9e8de78 -> 
  custom:audio-decoder-ogg-vorbis: bf7c407c2cedff20999df2af8eb42d56 -> 
  custom:audio-encoder-webm-vorbis: bf7c407c2cedff20999df2af8eb42d56 -> 
========================================================================
Received Prepare
Registering precompiled user dll's ...
Registered in 0.009016 seconds.
Begin MonoManager ReloadAssembly
Symbol file LoadedFromMemory doesn't match image C:\Users\NB_HP_O15_07\Documents\Unity_workspace\TeamLogliner\Logliner_co\Logliner\Library\PackageCache\com.unity.visualscripting@1.6.1\Editor\VisualScripting.Core\Dependencies\YamlDotNet\Unity.VisualScripting.YamlDotNet.dll
Symbol file LoadedFromMemory doesn't match image C:\Users\NB_HP_O15_07\Documents\Unity_workspace\TeamLogliner\Logliner_co\Logliner\Library\PackageCache\com.unity.visualscripting@1.6.1\Editor\VisualScripting.Core\Dependencies\DotNetZip\Unity.VisualScripting.IonicZip.dll
Native extension for WindowsStandalone target not found
Refreshing native plugins compatible for Editor in 1.25 ms, found 6 plugins.
Preloading 1 native plugins for Editor in 0.13 ms.
System.Reflection.TargetInvocationException: Exception has been thrown by the target of an invocation. ---> System.NullReferenceException: Object reference not set to an instance of an object
  at Unity.XR.Oculus.OculusLoader.AssetPathToAbsolutePath (System.String assetPath) [0x00048] in C:\Users\NB_HP_O15_07\Documents\Unity_workspace\TeamLogliner\Logliner_co\Logliner\Library\PackageCache\com.unity.xr.oculus@1.10.0\Runtime\OculusLoader.cs:250 
  at Unity.XR.Oculus.OculusLoader.EditorLoadOVRPlugin () [0x0007b] in C:\Users\NB_HP_O15_07\Documents\Unity_workspace\TeamLogliner\Logliner_co\Logliner\Library\PackageCache\com.unity.xr.oculus@1.10.0\Runtime\OculusLoader.cs:235 
  at (wrapper managed-to-native) System.Reflection.MonoMethod.InternalInvoke(System.Reflection.MonoMethod,object,object[],System.Exception&)
  at System.Reflection.MonoMethod.Invoke (System.Object obj, System.Reflection.BindingFlags invokeAttr, System.Reflection.Binder binder, System.Object[] parameters, System.Globalization.CultureInfo culture) [0x00032] in <695d1cc93cca45069c528c15c9fdd749>:0 
   --- End of inner exception stack trace ---
  at System.Reflection.MonoMethod.Invoke (System.Object obj, System.Reflection.BindingFlags invokeAttr, System.Reflection.Binder binder, System.Object[] parameters, System.Globalization.CultureInfo culture) [0x00048] in <695d1cc93cca45069c528c15c9fdd749>:0 
  at System.Reflection.MethodBase.Invoke (System.Object obj, System.Object[] parameters) [0x00000] in <695d1cc93cca45069c528c15c9fdd749>:0 
  at UnityEditor.EditorAssemblies.ProcessInitializeOnLoadMethodAttributes () [0x00047] in <1daab1e8a63c4d30bee3bfa8949b8ee5>:0 
UnityEngine.StackTraceUtility:ExtractStackTrace ()
UnityEngine.DebugLogHandler:LogFormat (UnityEngine.LogType,UnityEngine.Object,string,object[])
UnityEngine.Logger:Log (UnityEngine.LogType,object)
UnityEngine.Debug:LogError (object)
UnityEditor.EditorAssemblies:ProcessInitializeOnLoadMethodAttributes ()

Mono: successfully reloaded assembly
- Completed reload, in  1.361 seconds
Domain Reload Profiling:
	ReloadAssembly (1361ms)
		BeginReloadAssembly (159ms)
			ExecutionOrderSort (0ms)
			DisableScriptedObjects (8ms)
			BackupInstance (0ms)
			ReleaseScriptingObjects (0ms)
			CreateAndSetChildDomain (49ms)
		EndReloadAssembly (1135ms)
			LoadAssemblies (126ms)
			RebuildTransferFunctionScriptingTraits (0ms)
			SetupTypeCache (354ms)
			ReleaseScriptCaches (2ms)
			RebuildScriptCaches (44ms)
			SetupLoadedEditorAssemblies (476ms)
				LogAssemblyErrors (0ms)
				InitializePlatformSupportModulesInManaged (5ms)
				SetLoadedEditorAssemblies (0ms)
				RefreshPlugins (1ms)
				BeforeProcessingInitializeOnLoad (95ms)
				ProcessInitializeOnLoadAttributes (347ms)
				ProcessInitializeOnLoadMethodAttributes (17ms)
				AfterProcessingInitializeOnLoad (10ms)
				EditorAssembliesLoaded (0ms)
			ExecutionOrderSort2 (0ms)
			AwakeInstancesAfterBackupRestoration (22ms)
Platform modules already initialized, skipping
Refreshing native plugins compatible for Editor in 1.94 ms, found 6 plugins.
Preloading 1 native plugins for Editor in 0.15 ms.
Unloading 4856 Unused Serialized files (Serialized files now loaded: 0)
System memory in use before: 254.9 MB.
System memory in use after: 255.4 MB.

Unloading 17 unused Assets to reduce memory usage. Loaded Objects now: 5934.
Total: 6.113300 ms (FindLiveObjects: 0.462900 ms CreateObjectMapping: 0.181000 ms MarkObjects: 5.434400 ms  DeleteObjects: 0.033000 ms)

AssetImportParameters requested are different than current active one (requested -> active):
  custom:framework-win-MediaFoundation: 216162199b28c13a410421893ffa2e32 -> 
  custom:video-decoder-ogg-theora: a1e56fd34408186e4bbccfd4996cb3dc -> 
  custom:container-muxer-webm: aa71ff27fc2769a1b78a27578f13a17b -> 
  custom:container-demuxer-webm: 4f35f7cbe854078d1ac9338744f61a02 -> 
  custom:container-demuxer-ogg: 62fdf1f143b41e24485cea50d1cbac27 -> 
  custom:video-encoder-webm-vp8: eb34c28f22e8b96e1ab97ce403110664 -> 
  custom:video-codec-MediaFoundation-h265: 746d11721c4dcdbdad8f713fa42b33f4 -> 
  custom:video-decoder-webm-vp8: 9c59270c3fd7afecdb556c50c9e8de78 -> 
  custom:audio-decoder-ogg-vorbis: bf7c407c2cedff20999df2af8eb42d56 -> 
  custom:audio-encoder-webm-vorbis: bf7c407c2cedff20999df2af8eb42d56 -> 
========================================================================
Received Prepare
Registering precompiled user dll's ...
Registered in 0.009659 seconds.
Begin MonoManager ReloadAssembly
Symbol file LoadedFromMemory doesn't match image C:\Users\NB_HP_O15_07\Documents\Unity_workspace\TeamLogliner\Logliner_co\Logliner\Library\PackageCache\com.unity.visualscripting@1.6.1\Editor\VisualScripting.Core\Dependencies\YamlDotNet\Unity.VisualScripting.YamlDotNet.dll
Symbol file LoadedFromMemory doesn't match image C:\Users\NB_HP_O15_07\Documents\Unity_workspace\TeamLogliner\Logliner_co\Logliner\Library\PackageCache\com.unity.visualscripting@1.6.1\Editor\VisualScripting.Core\Dependencies\DotNetZip\Unity.VisualScripting.IonicZip.dll
Native extension for WindowsStandalone target not found
Refreshing native plugins compatible for Editor in 1.34 ms, found 6 plugins.
Preloading 1 native plugins for Editor in 0.13 ms.
System.Reflection.TargetInvocationException: Exception has been thrown by the target of an invocation. ---> System.NullReferenceException: Object reference not set to an instance of an object
  at Unity.XR.Oculus.OculusLoader.AssetPathToAbsolutePath (System.String assetPath) [0x00048] in C:\Users\NB_HP_O15_07\Documents\Unity_workspace\TeamLogliner\Logliner_co\Logliner\Library\PackageCache\com.unity.xr.oculus@1.10.0\Runtime\OculusLoader.cs:250 
  at Unity.XR.Oculus.OculusLoader.EditorLoadOVRPlugin () [0x0007b] in C:\Users\NB_HP_O15_07\Documents\Unity_workspace\TeamLogliner\Logliner_co\Logliner\Library\PackageCache\com.unity.xr.oculus@1.10.0\Runtime\OculusLoader.cs:235 
  at (wrapper managed-to-native) System.Reflection.MonoMethod.InternalInvoke(System.Reflection.MonoMethod,object,object[],System.Exception&)
  at System.Reflection.MonoMethod.Invoke (System.Object obj, System.Reflection.BindingFlags invokeAttr, System.Reflection.Binder binder, System.Object[] parameters, System.Globalization.CultureInfo culture) [0x00032] in <695d1cc93cca45069c528c15c9fdd749>:0 
   --- End of inner exception stack trace ---
  at System.Reflection.MonoMethod.Invoke (System.Object obj, System.Reflection.BindingFlags invokeAttr, System.Reflection.Binder binder, System.Object[] parameters, System.Globalization.CultureInfo culture) [0x00048] in <695d1cc93cca45069c528c15c9fdd749>:0 
  at System.Reflection.MethodBase.Invoke (System.Object obj, System.Object[] parameters) [0x00000] in <695d1cc93cca45069c528c15c9fdd749>:0 
  at UnityEditor.EditorAssemblies.ProcessInitializeOnLoadMethodAttributes () [0x00047] in <1daab1e8a63c4d30bee3bfa8949b8ee5>:0 
UnityEngine.StackTraceUtility:ExtractStackTrace ()
UnityEngine.DebugLogHandler:LogFormat (UnityEngine.LogType,UnityEngine.Object,string,object[])
UnityEngine.Logger:Log (UnityEngine.LogType,object)
UnityEngine.Debug:LogError (object)
UnityEditor.EditorAssemblies:ProcessInitializeOnLoadMethodAttributes ()

Mono: successfully reloaded assembly
- Completed reload, in  1.475 seconds
Domain Reload Profiling:
	ReloadAssembly (1476ms)
		BeginReloadAssembly (178ms)
			ExecutionOrderSort (0ms)
			DisableScriptedObjects (13ms)
			BackupInstance (0ms)
			ReleaseScriptingObjects (0ms)
			CreateAndSetChildDomain (54ms)
		EndReloadAssembly (1224ms)
			LoadAssemblies (135ms)
			RebuildTransferFunctionScriptingTraits (0ms)
			SetupTypeCache (392ms)
			ReleaseScriptCaches (2ms)
			RebuildScriptCaches (47ms)
			SetupLoadedEditorAssemblies (508ms)
				LogAssemblyErrors (0ms)
				InitializePlatformSupportModulesInManaged (6ms)
				SetLoadedEditorAssemblies (1ms)
				RefreshPlugins (2ms)
				BeforeProcessingInitializeOnLoad (97ms)
				ProcessInitializeOnLoadAttributes (374ms)
				ProcessInitializeOnLoadMethodAttributes (17ms)
				AfterProcessingInitializeOnLoad (12ms)
				EditorAssembliesLoaded (0ms)
			ExecutionOrderSort2 (0ms)
			AwakeInstancesAfterBackupRestoration (24ms)
Platform modules already initialized, skipping
Refreshing native plugins compatible for Editor in 1.25 ms, found 6 plugins.
Preloading 1 native plugins for Editor in 0.13 ms.
Unloading 4856 Unused Serialized files (Serialized files now loaded: 0)
System memory in use before: 254.9 MB.
System memory in use after: 255.4 MB.

Unloading 17 unused Assets to reduce memory usage. Loaded Objects now: 5937.
Total: 4.664800 ms (FindLiveObjects: 0.473200 ms CreateObjectMapping: 0.164000 ms MarkObjects: 4.003800 ms  DeleteObjects: 0.022700 ms)

AssetImportParameters requested are different than current active one (requested -> active):
  custom:framework-win-MediaFoundation: 216162199b28c13a410421893ffa2e32 -> 
  custom:video-decoder-ogg-theora: a1e56fd34408186e4bbccfd4996cb3dc -> 
  custom:container-muxer-webm: aa71ff27fc2769a1b78a27578f13a17b -> 
  custom:container-demuxer-webm: 4f35f7cbe854078d1ac9338744f61a02 -> 
  custom:container-demuxer-ogg: 62fdf1f143b41e24485cea50d1cbac27 -> 
  custom:video-encoder-webm-vp8: eb34c28f22e8b96e1ab97ce403110664 -> 
  custom:video-codec-MediaFoundation-h265: 746d11721c4dcdbdad8f713fa42b33f4 -> 
  custom:video-decoder-webm-vp8: 9c59270c3fd7afecdb556c50c9e8de78 -> 
  custom:audio-decoder-ogg-vorbis: bf7c407c2cedff20999df2af8eb42d56 -> 
  custom:audio-encoder-webm-vorbis: bf7c407c2cedff20999df2af8eb42d56 -> 
========================================================================
Received Import Request.
  Time since last request: 1829.897334 seconds.
  path: Assets/03.Prefab/Plat2.prefab
  artifactKey: Guid(d9e1e551dd5be4843b7a181f61b95f46) Importer(815301076,1909f56bfc062723c751e8b465ee728b)
Start importing Assets/03.Prefab/Plat2.prefab using Guid(d9e1e551dd5be4843b7a181f61b95f46) Importer(815301076,1909f56bfc062723c751e8b465ee728b)  -> (artifact id: '5b76b8f2d73d07a79fd8b188c314f4e7') in 0.234358 seconds 
========================================================================
Received Import Request.
  Time since last request: 1074.451412 seconds.
  path: Assets/03.Prefab/OculusTouchForQuest2.prefab
  artifactKey: Guid(72ca6ca54bae3ba48b2c25bcb6978db1) Importer(815301076,1909f56bfc062723c751e8b465ee728b)
Start importing Assets/03.Prefab/OculusTouchForQuest2.prefab using Guid(72ca6ca54bae3ba48b2c25bcb6978db1) Importer(815301076,1909f56bfc062723c751e8b465ee728b)  -> (artifact id: '31a5a3326a4925aed002407e5542db46') in 0.066731 seconds 
========================================================================
Received Import Request.
  Time since last request: 2224.745481 seconds.
  path: Assets/02.Scripts/SlotCtrl.cs
  artifactKey: Guid(b007aca7ae901734c8ca32c5710a41b0) Importer(815301076,1909f56bfc062723c751e8b465ee728b)
Start importing Assets/02.Scripts/SlotCtrl.cs using Guid(b007aca7ae901734c8ca32c5710a41b0) Importer(815301076,1909f56bfc062723c751e8b465ee728b)  -> (artifact id: 'b0044a3a10d3fe348a0f4874d49e05ca') in 0.004396 seconds 
AssetImportWorkerClient::OnTransportError - code=2 error=End of file
